{"/home/travis/build/npmtest/node-npmtest-holderjs/test.js":{"path":"/home/travis/build/npmtest/node-npmtest-holderjs/test.js","s":{"1":2,"2":2,"3":2,"4":2,"5":2,"6":2,"7":2,"8":1,"9":2,"10":2,"11":1,"12":1,"13":1,"14":1,"15":2,"16":2,"17":2,"18":2,"19":1,"20":1,"21":2,"22":2,"23":2,"24":1,"25":1,"26":1,"27":1,"28":1,"29":1,"30":1,"31":1,"32":1,"33":1,"34":1,"35":1,"36":1,"37":1,"38":1,"39":2,"40":2,"41":1,"42":2,"43":2,"44":1,"45":2,"46":2,"47":1,"48":2,"49":2,"50":1,"51":1,"52":1,"53":1,"54":1},"b":{"1":[2,1,1,1],"2":[1,1,1,1],"3":[1,1],"4":[1,1],"5":[1,1],"6":[1,1],"7":[1,1],"8":[1,1],"9":[1,1],"10":[1,1,1],"11":[1,1],"12":[1,1],"13":[1,1],"14":[1,1],"15":[1,1],"16":[1,1],"17":[1,1]},"f":{"1":2,"2":2,"3":2,"4":2,"5":2,"6":1,"7":1,"8":1,"9":2,"10":2,"11":2,"12":2,"13":1},"fnMap":{"1":{"name":"(anonymous_1)","line":12,"loc":{"start":{"line":12,"column":1},"end":{"line":12,"column":13}}},"2":{"name":"(anonymous_2)","line":19,"loc":{"start":{"line":19,"column":5},"end":{"line":19,"column":17}}},"3":{"name":"(anonymous_3)","line":23,"loc":{"start":{"line":23,"column":24},"end":{"line":23,"column":36}}},"4":{"name":"(anonymous_4)","line":61,"loc":{"start":{"line":61,"column":5},"end":{"line":61,"column":17}}},"5":{"name":"(anonymous_5)","line":82,"loc":{"start":{"line":82,"column":5},"end":{"line":82,"column":17}}},"6":{"name":"(anonymous_6)","line":91,"loc":{"start":{"line":91,"column":77},"end":{"line":94,"column":10}}},"7":{"name":"(anonymous_7)","line":112,"loc":{"start":{"line":112,"column":83},"end":{"line":115,"column":10}},"skip":true},"8":{"name":"(anonymous_8)","line":123,"loc":{"start":{"line":123,"column":77},"end":{"line":126,"column":10}},"skip":true},"9":{"name":"(anonymous_9)","line":139,"loc":{"start":{"line":139,"column":12},"end":{"line":139,"column":40}},"skip":true},"10":{"name":"(anonymous_10)","line":147,"loc":{"start":{"line":147,"column":77},"end":{"line":150,"column":10}},"skip":true},"11":{"name":"(anonymous_11)","line":158,"loc":{"start":{"line":158,"column":83},"end":{"line":161,"column":10}},"skip":true},"12":{"name":"(anonymous_12)","line":169,"loc":{"start":{"line":169,"column":79},"end":{"line":172,"column":10}},"skip":true},"13":{"name":"(anonymous_13)","line":180,"loc":{"start":{"line":180,"column":75},"end":{"line":183,"column":10}},"skip":true}},"statementMap":{"1":{"start":{"line":12,"column":0},"end":{"line":195,"column":5}},"2":{"start":{"line":14,"column":4},"end":{"line":14,"column":14}},"3":{"start":{"line":19,"column":4},"end":{"line":56,"column":9}},"4":{"start":{"line":21,"column":8},"end":{"line":21,"column":19}},"5":{"start":{"line":23,"column":8},"end":{"line":35,"column":13}},"6":{"start":{"line":24,"column":12},"end":{"line":34,"column":13}},"7":{"start":{"line":25,"column":16},"end":{"line":28,"column":30}},"8":{"start":{"line":30,"column":16},"end":{"line":33,"column":27}},"9":{"start":{"line":37,"column":8},"end":{"line":39,"column":21}},"10":{"start":{"line":40,"column":8},"end":{"line":53,"column":9}},"11":{"start":{"line":43,"column":12},"end":{"line":46,"column":14}},"12":{"start":{"line":47,"column":12},"end":{"line":47,"column":18}},"13":{"start":{"line":50,"column":12},"end":{"line":51,"column":46}},"14":{"start":{"line":52,"column":12},"end":{"line":52,"column":18}},"15":{"start":{"line":55,"column":8},"end":{"line":55,"column":35}},"16":{"start":{"line":61,"column":4},"end":{"line":63,"column":9}},"17":{"start":{"line":62,"column":8},"end":{"line":62,"column":15}},"18":{"start":{"line":64,"column":4},"end":{"line":77,"column":5}},"19":{"start":{"line":70,"column":8},"end":{"line":70,"column":14}},"20":{"start":{"line":76,"column":8},"end":{"line":76,"column":14}},"21":{"start":{"line":82,"column":4},"end":{"line":84,"column":9}},"22":{"start":{"line":83,"column":8},"end":{"line":83,"column":15}},"23":{"start":{"line":85,"column":4},"end":{"line":194,"column":5}},"24":{"start":{"line":91,"column":8},"end":{"line":99,"column":10}},"25":{"start":{"line":98,"column":12},"end":{"line":98,"column":35}},"26":{"start":{"line":102,"column":8},"end":{"line":104,"column":63}},"27":{"start":{"line":105,"column":8},"end":{"line":105,"column":14}},"28":{"start":{"line":112,"column":8},"end":{"line":121,"column":10},"skip":true},"29":{"start":{"line":119,"column":12},"end":{"line":119,"column":55},"skip":true},"30":{"start":{"line":120,"column":12},"end":{"line":120,"column":48},"skip":true},"31":{"start":{"line":123,"column":8},"end":{"line":136,"column":10},"skip":true},"32":{"start":{"line":130,"column":12},"end":{"line":130,"column":76},"skip":true},"33":{"start":{"line":131,"column":12},"end":{"line":131,"column":73},"skip":true},"34":{"start":{"line":132,"column":12},"end":{"line":132,"column":74},"skip":true},"35":{"start":{"line":133,"column":12},"end":{"line":133,"column":79},"skip":true},"36":{"start":{"line":134,"column":12},"end":{"line":134,"column":25},"skip":true},"37":{"start":{"line":135,"column":12},"end":{"line":135,"column":45},"skip":true},"38":{"start":{"line":138,"column":8},"end":{"line":145,"column":14},"skip":true},"39":{"start":{"line":143,"column":16},"end":{"line":143,"column":29},"skip":true},"40":{"start":{"line":144,"column":16},"end":{"line":144,"column":55},"skip":true},"41":{"start":{"line":147,"column":8},"end":{"line":156,"column":10},"skip":true},"42":{"start":{"line":154,"column":12},"end":{"line":154,"column":25},"skip":true},"43":{"start":{"line":155,"column":12},"end":{"line":155,"column":45},"skip":true},"44":{"start":{"line":158,"column":8},"end":{"line":167,"column":10},"skip":true},"45":{"start":{"line":165,"column":12},"end":{"line":165,"column":25},"skip":true},"46":{"start":{"line":166,"column":12},"end":{"line":166,"column":48},"skip":true},"47":{"start":{"line":169,"column":8},"end":{"line":178,"column":10},"skip":true},"48":{"start":{"line":176,"column":12},"end":{"line":176,"column":25},"skip":true},"49":{"start":{"line":177,"column":12},"end":{"line":177,"column":46},"skip":true},"50":{"start":{"line":180,"column":8},"end":{"line":189,"column":10},"skip":true},"51":{"start":{"line":187,"column":12},"end":{"line":187,"column":94},"skip":true},"52":{"start":{"line":188,"column":12},"end":{"line":188,"column":48},"skip":true},"53":{"start":{"line":192,"column":8},"end":{"line":192,"column":35},"skip":true},"54":{"start":{"line":193,"column":8},"end":{"line":193,"column":14},"skip":true}},"branchMap":{"1":{"line":25,"type":"binary-expr","locations":[{"start":{"line":25,"column":23},"end":{"line":25,"column":62}},{"start":{"line":26,"column":20},"end":{"line":26,"column":70}},{"start":{"line":27,"column":20},"end":{"line":27,"column":71}},{"start":{"line":28,"column":20},"end":{"line":28,"column":29}}]},"2":{"line":30,"type":"binary-expr","locations":[{"start":{"line":30,"column":23},"end":{"line":30,"column":37}},{"start":{"line":31,"column":20},"end":{"line":31,"column":61}},{"start":{"line":32,"column":20},"end":{"line":32,"column":70}},{"start":{"line":33,"column":20},"end":{"line":33,"column":26}}]},"3":{"line":37,"type":"cond-expr","locations":[{"start":{"line":38,"column":14},"end":{"line":38,"column":20}},{"start":{"line":39,"column":14},"end":{"line":39,"column":20}}]},"4":{"line":40,"type":"switch","locations":[{"start":{"line":42,"column":8},"end":{"line":47,"column":18}},{"start":{"line":49,"column":8},"end":{"line":52,"column":18}}]},"5":{"line":44,"type":"binary-expr","locations":[{"start":{"line":44,"column":16},"end":{"line":44,"column":44}},{"start":{"line":44,"column":48},"end":{"line":44,"column":66}}]},"6":{"line":50,"type":"binary-expr","locations":[{"start":{"line":50,"column":21},"end":{"line":50,"column":49}},{"start":{"line":50,"column":53},"end":{"line":50,"column":72}}]},"7":{"line":64,"type":"switch","locations":[{"start":{"line":69,"column":4},"end":{"line":70,"column":14}},{"start":{"line":75,"column":4},"end":{"line":76,"column":14}}]},"8":{"line":85,"type":"switch","locations":[{"start":{"line":90,"column":4},"end":{"line":105,"column":14}},{"start":{"line":111,"column":4},"end":{"line":193,"column":14},"skip":true}]},"9":{"line":91,"type":"binary-expr","locations":[{"start":{"line":91,"column":42},"end":{"line":91,"column":73}},{"start":{"line":91,"column":77},"end":{"line":99,"column":9}}]},"10":{"line":102,"type":"binary-expr","locations":[{"start":{"line":102,"column":18},"end":{"line":102,"column":32}},{"start":{"line":103,"column":12},"end":{"line":103,"column":53}},{"start":{"line":104,"column":12},"end":{"line":104,"column":61}}]},"11":{"line":112,"type":"binary-expr","locations":[{"start":{"line":112,"column":45},"end":{"line":112,"column":79},"skip":true},{"start":{"line":112,"column":83},"end":{"line":121,"column":9},"skip":true}]},"12":{"line":123,"type":"binary-expr","locations":[{"start":{"line":123,"column":42},"end":{"line":123,"column":73},"skip":true},{"start":{"line":123,"column":77},"end":{"line":136,"column":9},"skip":true}]},"13":{"line":138,"type":"binary-expr","locations":[{"start":{"line":138,"column":48},"end":{"line":138,"column":85},"skip":true},{"start":{"line":139,"column":12},"end":{"line":145,"column":13},"skip":true}]},"14":{"line":147,"type":"binary-expr","locations":[{"start":{"line":147,"column":42},"end":{"line":147,"column":73},"skip":true},{"start":{"line":147,"column":77},"end":{"line":156,"column":9},"skip":true}]},"15":{"line":158,"type":"binary-expr","locations":[{"start":{"line":158,"column":45},"end":{"line":158,"column":79},"skip":true},{"start":{"line":158,"column":83},"end":{"line":167,"column":9},"skip":true}]},"16":{"line":169,"type":"binary-expr","locations":[{"start":{"line":169,"column":43},"end":{"line":169,"column":75},"skip":true},{"start":{"line":169,"column":79},"end":{"line":178,"column":9},"skip":true}]},"17":{"line":180,"type":"binary-expr","locations":[{"start":{"line":180,"column":41},"end":{"line":180,"column":71},"skip":true},{"start":{"line":180,"column":75},"end":{"line":189,"column":9},"skip":true}]}},"code":["/* istanbul instrument in package npmtest_holderjs */","/*jslint","    bitwise: true,","    browser: true,","    maxerr: 8,","    maxlen: 96,","    node: true,","    nomen: true,","    regexp: true,","    stupid: true","*/","(function () {","    'use strict';","    var local;","","","","    // run shared js-env code - pre-init","    (function () {","        // init local","        local = {};","        // init modeJs","        local.modeJs = (function () {","            try {","                return typeof navigator.userAgent === 'string' &&","                    typeof document.querySelector('body') === 'object' &&","                    typeof XMLHttpRequest.prototype.open === 'function' &&","                    'browser';","            } catch (errorCaughtBrowser) {","                return module.exports &&","                    typeof process.versions.node === 'string' &&","                    typeof require('http').createServer === 'function' &&","                    'node';","            }","        }());","        // init global","        local.global = local.modeJs === 'browser'","            ? window","            : global;","        switch (local.modeJs) {","        // re-init local from window.local","        case 'browser':","            local = local.global.utility2.objectSetDefault(","                local.global.utility2_rollup || local.global.local,","                local.global.utility2","            );","            break;","        // re-init local from example.js","        case 'node':","            local = (local.global.utility2_rollup || require('utility2'))","                .requireExampleJsFromReadme();","            break;","        }","        // export local","        local.global.local = local;","    }());","","","","    // run shared js-env code - function","    (function () {","        return;","    }());","    switch (local.modeJs) {","","","","    // run browser js-env code - function","    case 'browser':","        break;","","","","    // run node js-env code - function","    case 'node':","        break;","    }","","","","    // run shared js-env code - post-init","    (function () {","        return;","    }());","    switch (local.modeJs) {","","","","    // run browser js-env code - post-init","    case 'browser':","        local.testCase_browser_nullCase = local.testCase_browser_nullCase || function (","            options,","            onError","        ) {","        /*","         * this function will test browsers's null-case handling-behavior-behavior","         */","            onError(null, options);","        };","","        // run tests","        local.nop(local.modeTest &&","            document.querySelector('#testRunButton1') &&","            document.querySelector('#testRunButton1').click());","        break;","","","","    // run node js-env code - post-init","    /* istanbul ignore next */","    case 'node':","        local.testCase_buildApidoc_default = local.testCase_buildApidoc_default || function (","            options,","            onError","        ) {","        /*","         * this function will test buildApidoc's default handling-behavior-behavior","         */","            options = { modulePathList: module.paths };","            local.buildApidoc(options, onError);","        };","","        local.testCase_buildApp_default = local.testCase_buildApp_default || function (","            options,","            onError","        ) {","        /*","         * this function will test buildApp's default handling-behavior-behavior","         */","            local.testCase_buildReadme_default(options, local.onErrorThrow);","            local.testCase_buildLib_default(options, local.onErrorThrow);","            local.testCase_buildTest_default(options, local.onErrorThrow);","            local.testCase_buildCustomOrg_default(options, local.onErrorThrow);","            options = [];","            local.buildApp(options, onError);","        };","","        local.testCase_buildCustomOrg_default = local.testCase_buildCustomOrg_default ||","            function (options, onError) {","            /*","             * this function will test buildCustomOrg's default handling-behavior","             */","                options = {};","                local.buildCustomOrg(options, onError);","            };","","        local.testCase_buildLib_default = local.testCase_buildLib_default || function (","            options,","            onError","        ) {","        /*","         * this function will test buildLib's default handling-behavior","         */","            options = {};","            local.buildLib(options, onError);","        };","","        local.testCase_buildReadme_default = local.testCase_buildReadme_default || function (","            options,","            onError","        ) {","        /*","         * this function will test buildReadme's default handling-behavior-behavior","         */","            options = {};","            local.buildReadme(options, onError);","        };","","        local.testCase_buildTest_default = local.testCase_buildTest_default || function (","            options,","            onError","        ) {","        /*","         * this function will test buildTest's default handling-behavior","         */","            options = {};","            local.buildTest(options, onError);","        };","","        local.testCase_webpage_default = local.testCase_webpage_default || function (","            options,","            onError","        ) {","        /*","         * this function will test webpage's default handling-behavior","         */","            options = { modeCoverageMerge: true, url: local.serverLocalHost + '?modeTest=1' };","            local.browserTest(options, onError);","        };","","        // run test-server","        local.testRunServer(local);","        break;","    }","}());",""],"l":{"12":2,"14":2,"19":2,"21":2,"23":2,"24":2,"25":2,"30":1,"37":2,"40":2,"43":1,"47":1,"50":1,"52":1,"55":2,"61":2,"62":2,"64":2,"70":1,"76":1,"82":2,"83":2,"85":2,"91":1,"98":1,"102":1,"105":1,"112":1,"119":1,"120":1,"123":1,"130":1,"131":1,"132":1,"133":1,"134":1,"135":1,"138":1,"143":2,"144":2,"147":1,"154":2,"155":2,"158":1,"165":2,"166":2,"169":1,"176":2,"177":2,"180":1,"187":1,"188":1,"192":1,"193":1}},"/home/travis/build/npmtest/node-npmtest-holderjs/lib.npmtest_holderjs.js":{"path":"/home/travis/build/npmtest/node-npmtest-holderjs/lib.npmtest_holderjs.js","s":{"1":2,"2":2,"3":2,"4":2,"5":2,"6":2,"7":2,"8":1,"9":2,"10":2,"11":2,"12":2,"13":1,"14":1,"15":1,"16":1},"b":{"1":[2,1,1,1],"2":[1,1,1,1],"3":[1,1],"4":[2,2],"5":[1,1]},"f":{"1":2,"2":2,"3":2},"fnMap":{"1":{"name":"(anonymous_1)","line":12,"loc":{"start":{"line":12,"column":1},"end":{"line":12,"column":13}}},"2":{"name":"(anonymous_2)","line":19,"loc":{"start":{"line":19,"column":5},"end":{"line":19,"column":17}}},"3":{"name":"(anonymous_3)","line":23,"loc":{"start":{"line":23,"column":24},"end":{"line":23,"column":36}}}},"statementMap":{"1":{"start":{"line":12,"column":0},"end":{"line":53,"column":5}},"2":{"start":{"line":14,"column":4},"end":{"line":14,"column":14}},"3":{"start":{"line":19,"column":4},"end":{"line":52,"column":9}},"4":{"start":{"line":21,"column":8},"end":{"line":21,"column":19}},"5":{"start":{"line":23,"column":8},"end":{"line":35,"column":13}},"6":{"start":{"line":24,"column":12},"end":{"line":34,"column":13}},"7":{"start":{"line":25,"column":16},"end":{"line":28,"column":30}},"8":{"start":{"line":30,"column":16},"end":{"line":33,"column":27}},"9":{"start":{"line":37,"column":8},"end":{"line":39,"column":21}},"10":{"start":{"line":41,"column":8},"end":{"line":41,"column":54}},"11":{"start":{"line":43,"column":8},"end":{"line":43,"column":53}},"12":{"start":{"line":45,"column":8},"end":{"line":51,"column":9}},"13":{"start":{"line":46,"column":12},"end":{"line":46,"column":59}},"14":{"start":{"line":48,"column":12},"end":{"line":48,"column":35}},"15":{"start":{"line":49,"column":12},"end":{"line":49,"column":49}},"16":{"start":{"line":50,"column":12},"end":{"line":50,"column":43}}},"branchMap":{"1":{"line":25,"type":"binary-expr","locations":[{"start":{"line":25,"column":23},"end":{"line":25,"column":62}},{"start":{"line":26,"column":20},"end":{"line":26,"column":70}},{"start":{"line":27,"column":20},"end":{"line":27,"column":71}},{"start":{"line":28,"column":20},"end":{"line":28,"column":29}}]},"2":{"line":30,"type":"binary-expr","locations":[{"start":{"line":30,"column":23},"end":{"line":30,"column":37}},{"start":{"line":31,"column":20},"end":{"line":31,"column":61}},{"start":{"line":32,"column":20},"end":{"line":32,"column":70}},{"start":{"line":33,"column":20},"end":{"line":33,"column":26}}]},"3":{"line":37,"type":"cond-expr","locations":[{"start":{"line":38,"column":14},"end":{"line":38,"column":20}},{"start":{"line":39,"column":14},"end":{"line":39,"column":20}}]},"4":{"line":41,"type":"binary-expr","locations":[{"start":{"line":41,"column":16},"end":{"line":41,"column":44}},{"start":{"line":41,"column":48},"end":{"line":41,"column":53}}]},"5":{"line":45,"type":"if","locations":[{"start":{"line":45,"column":8},"end":{"line":45,"column":8}},{"start":{"line":45,"column":8},"end":{"line":45,"column":8}}]}},"code":["/* istanbul instrument in package npmtest_holderjs */","/*jslint","    bitwise: true,","    browser: true,","    maxerr: 8,","    maxlen: 96,","    node: true,","    nomen: true,","    regexp: true,","    stupid: true","*/","(function () {","    'use strict';","    var local;","","","","    // run shared js-env code - pre-init","    (function () {","        // init local","        local = {};","        // init modeJs","        local.modeJs = (function () {","            try {","                return typeof navigator.userAgent === 'string' &&","                    typeof document.querySelector('body') === 'object' &&","                    typeof XMLHttpRequest.prototype.open === 'function' &&","                    'browser';","            } catch (errorCaughtBrowser) {","                return module.exports &&","                    typeof process.versions.node === 'string' &&","                    typeof require('http').createServer === 'function' &&","                    'node';","            }","        }());","        // init global","        local.global = local.modeJs === 'browser'","            ? window","            : global;","        // init utility2_rollup","        local = local.global.utility2_rollup || local;","        // init lib","        local.local = local.npmtest_holderjs = local;","        // init exports","        if (local.modeJs === 'browser') {","            local.global.utility2_npmtest_holderjs = local;","        } else {","            module.exports = local;","            module.exports.__dirname = __dirname;","            module.exports.module = module;","        }","    }());","}());",""],"l":{"12":2,"14":2,"19":2,"21":2,"23":2,"24":2,"25":2,"30":1,"37":2,"41":2,"43":2,"45":2,"46":1,"48":1,"49":1,"50":1}},"/home/travis/build/npmtest/node-npmtest-holderjs/example.js":{"path":"/home/travis/build/npmtest/node-npmtest-holderjs/example.js","s":{"1":2,"2":2,"3":2,"4":2,"5":2,"6":2,"7":2,"8":1,"9":2,"10":2,"11":2,"12":2,"13":1,"14":2,"15":2,"16":2,"17":2,"18":2,"19":0,"20":2,"21":1,"22":1,"23":1,"24":1,"25":1,"26":0,"27":0,"28":1,"29":1,"30":2,"31":0,"32":0,"33":0,"34":1,"35":2,"36":2,"37":3,"38":3,"39":3,"40":3,"41":0,"42":3,"43":3,"44":3,"45":1,"46":3,"47":1,"48":1,"49":1,"50":1,"51":1,"52":1,"53":1,"54":1,"55":1,"56":1,"57":0,"58":1,"59":6,"60":6,"61":1,"62":2,"63":0,"64":2,"65":1,"66":1,"67":0,"68":0,"69":0,"70":0,"71":0,"72":0,"73":0,"74":0,"75":0,"76":0,"77":0,"78":0,"79":0,"80":0,"81":0,"82":0,"83":0},"b":{"1":[2,1,1,1],"2":[1,1,1,1],"3":[1,1],"4":[2,2],"5":[1,1],"6":[1,1],"7":[2,0],"8":[2,1,1,1,1,1],"9":[0,2,0],"10":[1,1],"11":[2,1,1],"12":[1,0],"13":[0,2],"14":[2,0,0,0,0,0,0],"15":[0,3],"16":[3,0],"17":[1,1],"18":[0,1],"19":[1,2,0,2],"20":[1,0],"21":[1,1],"22":[0,0],"23":[0,0],"24":[0,0],"25":[0,0],"26":[0,0],"27":[0,0],"28":[0,0]},"f":{"1":2,"2":2,"3":2,"4":2,"5":2,"6":2,"7":3,"8":3,"9":3,"10":1,"11":6,"12":0},"fnMap":{"1":{"name":"(anonymous_1)","line":26,"loc":{"start":{"line":26,"column":1},"end":{"line":26,"column":13}}},"2":{"name":"(anonymous_2)","line":33,"loc":{"start":{"line":33,"column":5},"end":{"line":33,"column":17}}},"3":{"name":"(anonymous_3)","line":37,"loc":{"start":{"line":37,"column":24},"end":{"line":37,"column":36}}},"4":{"name":"(anonymous_4)","line":69,"loc":{"start":{"line":69,"column":31},"end":{"line":69,"column":48}},"skip":true},"5":{"name":"(anonymous_5)","line":78,"loc":{"start":{"line":78,"column":26},"end":{"line":78,"column":45}},"skip":true},"6":{"name":"(anonymous_6)","line":123,"loc":{"start":{"line":123,"column":33},"end":{"line":123,"column":48}},"skip":true},"7":{"name":"(anonymous_7)","line":125,"loc":{"start":{"line":125,"column":27},"end":{"line":125,"column":39}},"skip":true},"8":{"name":"(anonymous_8)","line":133,"loc":{"start":{"line":133,"column":59},"end":{"line":133,"column":74}},"skip":true},"9":{"name":"(anonymous_9)","line":143,"loc":{"start":{"line":143,"column":45},"end":{"line":143,"column":62}},"skip":true},"10":{"name":"(anonymous_10)","line":144,"loc":{"start":{"line":144,"column":73},"end":{"line":144,"column":92}},"skip":true},"11":{"name":"(anonymous_11)","line":272,"loc":{"start":{"line":272,"column":51},"end":{"line":272,"column":77}},"skip":true},"12":{"name":"(anonymous_12)","line":315,"loc":{"start":{"line":315,"column":32},"end":{"line":315,"column":61}},"skip":true}},"statementMap":{"1":{"start":{"line":26,"column":0},"end":{"line":326,"column":5}},"2":{"start":{"line":28,"column":4},"end":{"line":28,"column":14}},"3":{"start":{"line":33,"column":4},"end":{"line":60,"column":9}},"4":{"start":{"line":35,"column":8},"end":{"line":35,"column":19}},"5":{"start":{"line":37,"column":8},"end":{"line":49,"column":13}},"6":{"start":{"line":38,"column":12},"end":{"line":48,"column":13}},"7":{"start":{"line":39,"column":16},"end":{"line":42,"column":30}},"8":{"start":{"line":44,"column":16},"end":{"line":47,"column":27}},"9":{"start":{"line":51,"column":8},"end":{"line":53,"column":21}},"10":{"start":{"line":55,"column":8},"end":{"line":57,"column":45}},"11":{"start":{"line":59,"column":8},"end":{"line":59,"column":35}},"12":{"start":{"line":61,"column":4},"end":{"line":325,"column":5}},"13":{"start":{"line":69,"column":8},"end":{"line":121,"column":10},"skip":true},"14":{"start":{"line":70,"column":12},"end":{"line":88,"column":13},"skip":true},"15":{"start":{"line":76,"column":16},"end":{"line":87,"column":19},"skip":true},"16":{"start":{"line":79,"column":20},"end":{"line":86,"column":21},"skip":true},"17":{"start":{"line":82,"column":24},"end":{"line":82,"column":43},"skip":true},"18":{"start":{"line":83,"column":24},"end":{"line":83,"column":30},"skip":true},"19":{"start":{"line":85,"column":24},"end":{"line":85,"column":49},"skip":true},"20":{"start":{"line":89,"column":12},"end":{"line":107,"column":13},"skip":true},"21":{"start":{"line":92,"column":16},"end":{"line":102,"column":17},"skip":true},"22":{"start":{"line":93,"column":20},"end":{"line":93,"column":86},"skip":true},"23":{"start":{"line":94,"column":20},"end":{"line":95,"column":45},"skip":true},"24":{"start":{"line":96,"column":20},"end":{"line":96,"column":42},"skip":true},"25":{"start":{"line":97,"column":20},"end":{"line":97,"column":48},"skip":true},"26":{"start":{"line":100,"column":20},"end":{"line":100,"column":85},"skip":true},"27":{"start":{"line":101,"column":20},"end":{"line":101,"column":96},"skip":true},"28":{"start":{"line":103,"column":16},"end":{"line":103,"column":22},"skip":true},"29":{"start":{"line":106,"column":16},"end":{"line":106,"column":22},"skip":true},"30":{"start":{"line":108,"column":12},"end":{"line":120,"column":13},"skip":true},"31":{"start":{"line":114,"column":16},"end":{"line":119,"column":17},"skip":true},"32":{"start":{"line":116,"column":20},"end":{"line":116,"column":78},"skip":true},"33":{"start":{"line":118,"column":20},"end":{"line":118,"column":47},"skip":true},"34":{"start":{"line":123,"column":8},"end":{"line":141,"column":11},"skip":true},"35":{"start":{"line":124,"column":12},"end":{"line":124,"column":54},"skip":true},"36":{"start":{"line":125,"column":12},"end":{"line":140,"column":14},"skip":true},"37":{"start":{"line":126,"column":16},"end":{"line":126,"column":28},"skip":true},"38":{"start":{"line":127,"column":16},"end":{"line":127,"column":69},"skip":true},"39":{"start":{"line":128,"column":16},"end":{"line":128,"column":75},"skip":true},"40":{"start":{"line":129,"column":16},"end":{"line":131,"column":17},"skip":true},"41":{"start":{"line":130,"column":20},"end":{"line":130,"column":27},"skip":true},"42":{"start":{"line":133,"column":16},"end":{"line":137,"column":36},"skip":true},"43":{"start":{"line":134,"column":20},"end":{"line":136,"column":55},"skip":true},"44":{"start":{"line":139,"column":16},"end":{"line":139,"column":57},"skip":true},"45":{"start":{"line":143,"column":8},"end":{"line":147,"column":11},"skip":true},"46":{"start":{"line":144,"column":12},"end":{"line":146,"column":15},"skip":true},"47":{"start":{"line":145,"column":16},"end":{"line":145,"column":70},"skip":true},"48":{"start":{"line":149,"column":8},"end":{"line":149,"column":31},"skip":true},"49":{"start":{"line":150,"column":8},"end":{"line":150,"column":14},"skip":true},"50":{"start":{"line":158,"column":8},"end":{"line":158,"column":31},"skip":true},"51":{"start":{"line":160,"column":8},"end":{"line":160,"column":33},"skip":true},"52":{"start":{"line":161,"column":8},"end":{"line":161,"column":37},"skip":true},"53":{"start":{"line":162,"column":8},"end":{"line":162,"column":35},"skip":true},"54":{"start":{"line":164,"column":8},"end":{"line":164,"column":50},"skip":true},"55":{"start":{"line":166,"column":8},"end":{"line":256,"column":2},"skip":true},"56":{"start":{"line":258,"column":8},"end":{"line":286,"column":9},"skip":true},"57":{"start":{"line":259,"column":12},"end":{"line":269,"column":14},"skip":true},"58":{"start":{"line":271,"column":12},"end":{"line":285,"column":19},"skip":true},"59":{"start":{"line":274,"column":20},"end":{"line":274,"column":35},"skip":true},"60":{"start":{"line":275,"column":20},"end":{"line":284,"column":21},"skip":true},"61":{"start":{"line":277,"column":24},"end":{"line":277,"column":64},"skip":true},"62":{"start":{"line":279,"column":24},"end":{"line":279,"column":40},"skip":true},"63":{"start":{"line":281,"column":24},"end":{"line":281,"column":40},"skip":true},"64":{"start":{"line":283,"column":24},"end":{"line":283,"column":39},"skip":true},"65":{"start":{"line":288,"column":8},"end":{"line":290,"column":9},"skip":true},"66":{"start":{"line":289,"column":12},"end":{"line":289,"column":18},"skip":true},"67":{"start":{"line":291,"column":8},"end":{"line":293,"column":54},"skip":true},"68":{"start":{"line":296,"column":8},"end":{"line":301,"column":37},"skip":true},"69":{"start":{"line":303,"column":8},"end":{"line":303,"column":82},"skip":true},"70":{"start":{"line":306,"column":8},"end":{"line":308,"column":9},"skip":true},"71":{"start":{"line":307,"column":12},"end":{"line":307,"column":82},"skip":true},"72":{"start":{"line":310,"column":8},"end":{"line":312,"column":9},"skip":true},"73":{"start":{"line":311,"column":12},"end":{"line":311,"column":18},"skip":true},"74":{"start":{"line":313,"column":8},"end":{"line":313,"column":54},"skip":true},"75":{"start":{"line":314,"column":8},"end":{"line":314,"column":69},"skip":true},"76":{"start":{"line":315,"column":8},"end":{"line":323,"column":36},"skip":true},"77":{"start":{"line":316,"column":12},"end":{"line":316,"column":61},"skip":true},"78":{"start":{"line":317,"column":12},"end":{"line":320,"column":13},"skip":true},"79":{"start":{"line":318,"column":16},"end":{"line":318,"column":75},"skip":true},"80":{"start":{"line":319,"column":16},"end":{"line":319,"column":23},"skip":true},"81":{"start":{"line":321,"column":12},"end":{"line":321,"column":38},"skip":true},"82":{"start":{"line":322,"column":12},"end":{"line":322,"column":27},"skip":true},"83":{"start":{"line":324,"column":8},"end":{"line":324,"column":14},"skip":true}},"branchMap":{"1":{"line":39,"type":"binary-expr","locations":[{"start":{"line":39,"column":23},"end":{"line":39,"column":62}},{"start":{"line":40,"column":20},"end":{"line":40,"column":70}},{"start":{"line":41,"column":20},"end":{"line":41,"column":71}},{"start":{"line":42,"column":20},"end":{"line":42,"column":29}}]},"2":{"line":44,"type":"binary-expr","locations":[{"start":{"line":44,"column":23},"end":{"line":44,"column":37}},{"start":{"line":45,"column":20},"end":{"line":45,"column":61}},{"start":{"line":46,"column":20},"end":{"line":46,"column":70}},{"start":{"line":47,"column":20},"end":{"line":47,"column":26}}]},"3":{"line":51,"type":"cond-expr","locations":[{"start":{"line":52,"column":14},"end":{"line":52,"column":20}},{"start":{"line":53,"column":14},"end":{"line":53,"column":20}}]},"4":{"line":55,"type":"binary-expr","locations":[{"start":{"line":55,"column":16},"end":{"line":55,"column":44}},{"start":{"line":55,"column":49},"end":{"line":57,"column":43}}]},"5":{"line":55,"type":"cond-expr","locations":[{"start":{"line":56,"column":14},"end":{"line":56,"column":52}},{"start":{"line":57,"column":14},"end":{"line":57,"column":43}}]},"6":{"line":61,"type":"switch","locations":[{"start":{"line":68,"column":4},"end":{"line":150,"column":14},"skip":true},{"start":{"line":156,"column":4},"end":{"line":324,"column":14},"skip":true}]},"7":{"line":70,"type":"if","locations":[{"start":{"line":70,"column":12},"end":{"line":70,"column":12},"skip":true},{"start":{"line":70,"column":12},"end":{"line":70,"column":12},"skip":true}]},"8":{"line":70,"type":"binary-expr","locations":[{"start":{"line":70,"column":16},"end":{"line":70,"column":22},"skip":true},{"start":{"line":70,"column":27},"end":{"line":70,"column":32},"skip":true},{"start":{"line":71,"column":20},"end":{"line":71,"column":39},"skip":true},{"start":{"line":72,"column":20},"end":{"line":72,"column":49},"skip":true},{"start":{"line":73,"column":20},"end":{"line":73,"column":58},"skip":true},{"start":{"line":74,"column":20},"end":{"line":74,"column":69},"skip":true}]},"9":{"line":79,"type":"switch","locations":[{"start":{"line":80,"column":20},"end":{"line":80,"column":33},"skip":true},{"start":{"line":81,"column":20},"end":{"line":83,"column":30},"skip":true},{"start":{"line":84,"column":20},"end":{"line":85,"column":49},"skip":true}]},"10":{"line":89,"type":"switch","locations":[{"start":{"line":90,"column":12},"end":{"line":103,"column":22},"skip":true},{"start":{"line":105,"column":12},"end":{"line":106,"column":22},"skip":true}]},"11":{"line":89,"type":"binary-expr","locations":[{"start":{"line":89,"column":20},"end":{"line":89,"column":25},"skip":true},{"start":{"line":89,"column":29},"end":{"line":89,"column":48},"skip":true},{"start":{"line":89,"column":52},"end":{"line":89,"column":74},"skip":true}]},"12":{"line":92,"type":"if","locations":[{"start":{"line":92,"column":16},"end":{"line":92,"column":16},"skip":true},{"start":{"line":92,"column":16},"end":{"line":92,"column":16},"skip":true}]},"13":{"line":108,"type":"if","locations":[{"start":{"line":108,"column":12},"end":{"line":108,"column":12},"skip":true},{"start":{"line":108,"column":12},"end":{"line":108,"column":12},"skip":true}]},"14":{"line":108,"type":"binary-expr","locations":[{"start":{"line":108,"column":16},"end":{"line":108,"column":61},"skip":true},{"start":{"line":108,"column":66},"end":{"line":108,"column":72},"skip":true},{"start":{"line":108,"column":77},"end":{"line":108,"column":82},"skip":true},{"start":{"line":109,"column":20},"end":{"line":109,"column":39},"skip":true},{"start":{"line":110,"column":20},"end":{"line":110,"column":49},"skip":true},{"start":{"line":111,"column":20},"end":{"line":111,"column":58},"skip":true},{"start":{"line":112,"column":20},"end":{"line":112,"column":68},"skip":true}]},"15":{"line":129,"type":"if","locations":[{"start":{"line":129,"column":16},"end":{"line":129,"column":16},"skip":true},{"start":{"line":129,"column":16},"end":{"line":129,"column":16},"skip":true}]},"16":{"line":134,"type":"cond-expr","locations":[{"start":{"line":135,"column":26},"end":{"line":135,"column":29},"skip":true},{"start":{"line":136,"column":26},"end":{"line":136,"column":54},"skip":true}]},"17":{"line":164,"type":"binary-expr","locations":[{"start":{"line":164,"column":27},"end":{"line":164,"column":43},"skip":true},{"start":{"line":164,"column":47},"end":{"line":164,"column":49},"skip":true}]},"18":{"line":258,"type":"if","locations":[{"start":{"line":258,"column":8},"end":{"line":258,"column":8},"skip":true},{"start":{"line":258,"column":8},"end":{"line":258,"column":8},"skip":true}]},"19":{"line":275,"type":"switch","locations":[{"start":{"line":276,"column":20},"end":{"line":277,"column":64},"skip":true},{"start":{"line":278,"column":20},"end":{"line":279,"column":40},"skip":true},{"start":{"line":280,"column":20},"end":{"line":281,"column":40},"skip":true},{"start":{"line":282,"column":20},"end":{"line":283,"column":39},"skip":true}]},"20":{"line":288,"type":"if","locations":[{"start":{"line":288,"column":8},"end":{"line":288,"column":8},"skip":true},{"start":{"line":288,"column":8},"end":{"line":288,"column":8},"skip":true}]},"21":{"line":288,"type":"binary-expr","locations":[{"start":{"line":288,"column":12},"end":{"line":288,"column":40},"skip":true},{"start":{"line":288,"column":44},"end":{"line":288,"column":67},"skip":true}]},"22":{"line":292,"type":"binary-expr","locations":[{"start":{"line":292,"column":12},"end":{"line":292,"column":50},"skip":true},{"start":{"line":293,"column":12},"end":{"line":293,"column":53},"skip":true}]},"23":{"line":297,"type":"binary-expr","locations":[{"start":{"line":297,"column":12},"end":{"line":297,"column":66},"skip":true},{"start":{"line":298,"column":12},"end":{"line":301,"column":36},"skip":true}]},"24":{"line":303,"type":"binary-expr","locations":[{"start":{"line":303,"column":43},"end":{"line":303,"column":75},"skip":true},{"start":{"line":303,"column":79},"end":{"line":303,"column":81},"skip":true}]},"25":{"line":306,"type":"if","locations":[{"start":{"line":306,"column":8},"end":{"line":306,"column":8},"skip":true},{"start":{"line":306,"column":8},"end":{"line":306,"column":8},"skip":true}]},"26":{"line":310,"type":"if","locations":[{"start":{"line":310,"column":8},"end":{"line":310,"column":8},"skip":true},{"start":{"line":310,"column":8},"end":{"line":310,"column":8},"skip":true}]},"27":{"line":313,"type":"binary-expr","locations":[{"start":{"line":313,"column":27},"end":{"line":313,"column":43},"skip":true},{"start":{"line":313,"column":47},"end":{"line":313,"column":53},"skip":true}]},"28":{"line":317,"type":"if","locations":[{"start":{"line":317,"column":12},"end":{"line":317,"column":12},"skip":true},{"start":{"line":317,"column":12},"end":{"line":317,"column":12},"skip":true}]}},"code":["/*","example.js","","quickstart example","","instruction","    1. save this script as example.js","    2. run the shell command:","        $ npm install npmtest-holderjs && PORT=8081 node example.js","    3. play with the browser-demo on http://127.0.0.1:8081","*/","","","","/* istanbul instrument in package npmtest_holderjs */","/*jslint","    bitwise: true,","    browser: true,","    maxerr: 8,","    maxlen: 96,","    node: true,","    nomen: true,","    regexp: true,","    stupid: true","*/","(function () {","    'use strict';","    var local;","","","","    // run shared js-env code - pre-init","    (function () {","        // init local","        local = {};","        // init modeJs","        local.modeJs = (function () {","            try {","                return typeof navigator.userAgent === 'string' &&","                    typeof document.querySelector('body') === 'object' &&","                    typeof XMLHttpRequest.prototype.open === 'function' &&","                    'browser';","            } catch (errorCaughtBrowser) {","                return module.exports &&","                    typeof process.versions.node === 'string' &&","                    typeof require('http').createServer === 'function' &&","                    'node';","            }","        }());","        // init global","        local.global = local.modeJs === 'browser'","            ? window","            : global;","        // init utility2_rollup","        local = local.global.utility2_rollup || (local.modeJs === 'browser'","            ? local.global.utility2_npmtest_holderjs","            : global.utility2_moduleExports);","        // export local","        local.global.local = local;","    }());","    switch (local.modeJs) {","","","","    // post-init","    // run browser js-env code - post-init","    /* istanbul ignore next */","    case 'browser':","        local.testRunBrowser = function (event) {","            if (!event || (event &&","                    event.currentTarget &&","                    event.currentTarget.className &&","                    event.currentTarget.className.includes &&","                    event.currentTarget.className.includes('onreset'))) {","                // reset output","                Array.from(","                    document.querySelectorAll('body > .resettable')","                ).forEach(function (element) {","                    switch (element.tagName) {","                    case 'INPUT':","                    case 'TEXTAREA':","                        element.value = '';","                        break;","                    default:","                        element.textContent = '';","                    }","                });","            }","            switch (event && event.currentTarget && event.currentTarget.id) {","            case 'testRunButton1':","                // show tests","                if (document.querySelector('#testReportDiv1').style.display === 'none') {","                    document.querySelector('#testReportDiv1').style.display = 'block';","                    document.querySelector('#testRunButton1').textContent =","                        'hide internal test';","                    local.modeTest = true;","                    local.testRunDefault(local);","                // hide tests","                } else {","                    document.querySelector('#testReportDiv1').style.display = 'none';","                    document.querySelector('#testRunButton1').textContent = 'run internal test';","                }","                break;","            // custom-case","            default:","                break;","            }","            if (document.querySelector('#inputTextareaEval1') && (!event || (event &&","                    event.currentTarget &&","                    event.currentTarget.className &&","                    event.currentTarget.className.includes &&","                    event.currentTarget.className.includes('oneval')))) {","                // try to eval input-code","                try {","                    /*jslint evil: true*/","                    eval(document.querySelector('#inputTextareaEval1').value);","                } catch (errorCaught) {","                    console.error(errorCaught);","                }","            }","        };","        // log stderr and stdout to #outputTextareaStdout1","        ['error', 'log'].forEach(function (key) {","            console[key + '_original'] = console[key];","            console[key] = function () {","                var element;","                console[key + '_original'].apply(console, arguments);","                element = document.querySelector('#outputTextareaStdout1');","                if (!element) {","                    return;","                }","                // append text to #outputTextareaStdout1","                element.value += Array.from(arguments).map(function (arg) {","                    return typeof arg === 'string'","                        ? arg","                        : JSON.stringify(arg, null, 4);","                }).join(' ') + '\\n';","                // scroll textarea to bottom","                element.scrollTop = element.scrollHeight;","            };","        });","        // init event-handling","        ['change', 'click', 'keyup'].forEach(function (event) {","            Array.from(document.querySelectorAll('.on' + event)).forEach(function (element) {","                element.addEventListener(event, local.testRunBrowser);","            });","        });","        // run tests","        local.testRunBrowser();","        break;","","","","    // run node js-env code - post-init","    /* istanbul ignore next */","    case 'node':","        // export local","        module.exports = local;","        // require modules","        local.fs = require('fs');","        local.http = require('http');","        local.url = require('url');","        // init assets","        local.assetsDict = local.assetsDict || {};","        /* jslint-ignore-begin */","        local.assetsDict['/assets.index.template.html'] = '\\","<!doctype html>\\n\\","<html lang=\"en\">\\n\\","<head>\\n\\","<meta charset=\"UTF-8\">\\n\\","<meta name=\"viewport\" content=\"width=device-width, initial-scale=1\">\\n\\","<title>{{env.npm_package_name}} (v{{env.npm_package_version}})</title>\\n\\","<style>\\n\\","/*csslint\\n\\","    box-sizing: false,\\n\\","    universal-selector: false\\n\\","*/\\n\\","* {\\n\\","    box-sizing: border-box;\\n\\","}\\n\\","body {\\n\\","    background: #dde;\\n\\","    font-family: Arial, Helvetica, sans-serif;\\n\\","    margin: 2rem;\\n\\","}\\n\\","body > * {\\n\\","    margin-bottom: 1rem;\\n\\","}\\n\\",".utility2FooterDiv {\\n\\","    margin-top: 20px;\\n\\","    text-align: center;\\n\\","}\\n\\","</style>\\n\\","<style>\\n\\","/*csslint\\n\\","*/\\n\\","textarea {\\n\\","    font-family: monospace;\\n\\","    height: 10rem;\\n\\","    width: 100%;\\n\\","}\\n\\","textarea[readonly] {\\n\\","    background: #ddd;\\n\\","}\\n\\","</style>\\n\\","</head>\\n\\","<body>\\n\\","<!-- utility2-comment\\n\\","<div id=\"ajaxProgressDiv1\" style=\"background: #d00; height: 2px; left: 0; margin: 0; padding: 0; position: fixed; top: 0; transition: background 0.5s, width 1.5s; width: 25%;\"></div>\\n\\","utility2-comment -->\\n\\","<h1>\\n\\","<!-- utility2-comment\\n\\","    <a\\n\\","        {{#if env.npm_package_homepage}}\\n\\","        href=\"{{env.npm_package_homepage}}\"\\n\\","        {{/if env.npm_package_homepage}}\\n\\","        target=\"_blank\"\\n\\","    >\\n\\","utility2-comment -->\\n\\","        {{env.npm_package_name}} (v{{env.npm_package_version}})\\n\\","<!-- utility2-comment\\n\\","    </a>\\n\\","utility2-comment -->\\n\\","</h1>\\n\\","<h3>{{env.npm_package_description}}</h3>\\n\\","<!-- utility2-comment\\n\\","<h4><a download href=\"assets.app.js\">download standalone app</a></h4>\\n\\","<button class=\"onclick onreset\" id=\"testRunButton1\">run internal test</button><br>\\n\\","<div id=\"testReportDiv1\" style=\"display: none;\"></div>\\n\\","utility2-comment -->\\n\\","\\n\\","\\n\\","\\n\\","<label>stderr and stdout</label>\\n\\","<textarea class=\"resettable\" id=\"outputTextareaStdout1\" readonly></textarea>\\n\\","<!-- utility2-comment\\n\\","{{#if isRollup}}\\n\\","<script src=\"assets.app.js\"></script>\\n\\","{{#unless isRollup}}\\n\\","utility2-comment -->\\n\\","<script src=\"assets.utility2.rollup.js\"></script>\\n\\","<script src=\"jsonp.utility2._stateInit?callback=window.utility2._stateInit\"></script>\\n\\","<script src=\"assets.npmtest_holderjs.rollup.js\"></script>\\n\\","<script src=\"assets.example.js\"></script>\\n\\","<script src=\"assets.test.js\"></script>\\n\\","<!-- utility2-comment\\n\\","{{/if isRollup}}\\n\\","utility2-comment -->\\n\\","<div class=\"utility2FooterDiv\">\\n\\","    [ this app was created with\\n\\","    <a href=\"https://github.com/kaizhu256/node-utility2\" target=\"_blank\">utility2</a>\\n\\","    ]\\n\\","</div>\\n\\","</body>\\n\\","</html>\\n\\","';","        /* jslint-ignore-end */","        if (local.templateRender) {","            local.assetsDict['/'] = local.templateRender(","                local.assetsDict['/assets.index.template.html'],","                {","                    env: local.objectSetDefault(local.env, {","                        npm_package_description: 'the greatest app in the world!',","                        npm_package_name: 'my-app',","                        npm_package_nameAlias: 'my_app',","                        npm_package_version: '0.0.1'","                    })","                }","            );","        } else {","            local.assetsDict['/'] = local.assetsDict['/assets.index.template.html']","                .replace((/\\{\\{env\\.(\\w+?)\\}\\}/g), function (match0, match1) {","                    // jslint-hack","                    String(match0);","                    switch (match1) {","                    case 'npm_package_description':","                        return 'the greatest app in the world!';","                    case 'npm_package_name':","                        return 'my-app';","                    case 'npm_package_nameAlias':","                        return 'my_app';","                    case 'npm_package_version':","                        return '0.0.1';","                    }","                });","        }","        // run the cli","        if (local.global.utility2_rollup || module !== require.main) {","            break;","        }","        local.assetsDict['/assets.example.js'] =","            local.assetsDict['/assets.example.js'] ||","            local.fs.readFileSync(__filename, 'utf8');","        // bug-workaround - long $npm_package_buildCustomOrg","        /* jslint-ignore-begin */","        local.assetsDict['/assets.npmtest_holderjs.rollup.js'] =","            local.assetsDict['/assets.npmtest_holderjs.rollup.js'] ||","            local.fs.readFileSync(","                local.npmtest_holderjs.__dirname + '/lib.npmtest_holderjs.js',","                'utf8'","            ).replace((/^#!/), '//');","        /* jslint-ignore-end */","        local.assetsDict['/favicon.ico'] = local.assetsDict['/favicon.ico'] || '';","        // if $npm_config_timeout_exit exists,","        // then exit this process after $npm_config_timeout_exit ms","        if (Number(process.env.npm_config_timeout_exit)) {","            setTimeout(process.exit, Number(process.env.npm_config_timeout_exit));","        }","        // start server","        if (local.global.utility2_serverHttp1) {","            break;","        }","        process.env.PORT = process.env.PORT || '8081';","        console.error('server starting on port ' + process.env.PORT);","        local.http.createServer(function (request, response) {","            request.urlParsed = local.url.parse(request.url);","            if (local.assetsDict[request.urlParsed.pathname] !== undefined) {","                response.end(local.assetsDict[request.urlParsed.pathname]);","                return;","            }","            response.statusCode = 404;","            response.end();","        }).listen(process.env.PORT);","        break;","    }","}());",""],"l":{"26":2,"28":2,"33":2,"35":2,"37":2,"38":2,"39":2,"44":1,"51":2,"55":2,"59":2,"61":2,"69":1,"70":2,"76":2,"79":2,"82":2,"83":2,"85":1,"89":2,"92":1,"93":1,"94":1,"96":1,"97":1,"100":1,"101":1,"103":1,"106":1,"108":2,"114":1,"116":1,"118":1,"123":1,"124":2,"125":2,"126":3,"127":3,"128":3,"129":3,"130":1,"133":3,"134":3,"139":3,"143":1,"144":3,"145":1,"149":1,"150":1,"158":1,"160":1,"161":1,"162":1,"164":1,"166":1,"258":1,"259":1,"271":1,"274":6,"275":6,"277":1,"279":2,"281":1,"283":2,"288":1,"289":1,"291":1,"296":1,"303":1,"306":1,"307":1,"310":1,"311":1,"313":1,"314":1,"315":1,"316":1,"317":1,"318":1,"319":1,"321":1,"322":1,"324":1}},"/home/travis/build/npmtest/node-npmtest-holderjs/node_modules/holderjs/holder.js":{"path":"/home/travis/build/npmtest/node-npmtest-holderjs/node_modules/holderjs/holder.js","s":{"1":2,"2":2,"3":2,"4":0,"5":0,"6":0,"7":0,"8":0,"9":0,"10":0,"11":0,"12":0,"13":0,"14":0,"15":0,"16":0,"17":0,"18":0,"19":0,"20":0,"21":0,"22":0,"23":0,"24":0,"25":0,"26":0,"27":0,"28":0,"29":0,"30":0,"31":0,"32":0,"33":0,"34":0,"35":0,"36":0,"37":0,"38":0,"39":0,"40":0,"41":0,"42":0,"43":0,"44":0,"45":0,"46":0,"47":0,"48":0,"49":0,"50":0,"51":0,"52":0,"53":0,"54":0,"55":0,"56":0,"57":0,"58":0,"59":0,"60":0,"61":0,"62":0,"63":0,"64":0,"65":0,"66":0,"67":0,"68":0,"69":0,"70":0,"71":0,"72":0,"73":0,"74":0,"75":0,"76":0,"77":0,"78":0,"79":0,"80":0,"81":0,"82":0,"83":0,"84":0,"85":0,"86":0,"87":0,"88":0,"89":0,"90":0,"91":0,"92":0,"93":0,"94":0,"95":0,"96":0,"97":0,"98":0,"99":0,"100":0,"101":0,"102":0,"103":0,"104":0,"105":0,"106":0,"107":0,"108":0,"109":0,"110":0,"111":0,"112":0,"113":0,"114":0,"115":0,"116":0,"117":0,"118":0,"119":0,"120":0,"121":0,"122":0,"123":0,"124":0,"125":0,"126":0,"127":0,"128":0,"129":0,"130":0,"131":2,"132":2,"133":2,"134":0,"135":0,"136":0,"137":0,"138":0,"139":2,"140":2,"141":1,"142":44,"143":12,"144":32,"145":32,"146":28,"147":28,"148":2,"149":2,"150":2,"151":2,"152":2,"153":2,"154":2,"155":2,"156":2,"157":2,"158":2,"159":2,"160":2,"161":2,"162":2,"163":2,"164":2,"165":2,"166":2,"167":2,"168":0,"169":0,"170":0,"171":0,"172":0,"173":0,"174":0,"175":0,"176":0,"177":0,"178":0,"179":0,"180":0,"181":0,"182":0,"183":0,"184":0,"185":0,"186":0,"187":0,"188":0,"189":0,"190":0,"191":0,"192":0,"193":0,"194":0,"195":0,"196":0,"197":0,"198":0,"199":0,"200":0,"201":0,"202":0,"203":0,"204":0,"205":0,"206":0,"207":0,"208":0,"209":0,"210":0,"211":0,"212":0,"213":0,"214":0,"215":0,"216":0,"217":0,"218":0,"219":0,"220":0,"221":0,"222":0,"223":0,"224":0,"225":0,"226":0,"227":0,"228":0,"229":0,"230":0,"231":0,"232":0,"233":0,"234":0,"235":0,"236":0,"237":0,"238":0,"239":0,"240":0,"241":0,"242":0,"243":0,"244":0,"245":0,"246":0,"247":0,"248":0,"249":0,"250":0,"251":0,"252":0,"253":0,"254":0,"255":0,"256":0,"257":0,"258":0,"259":0,"260":0,"261":2,"262":1,"263":0,"264":0,"265":0,"266":1,"267":0,"268":0,"269":0,"270":0,"271":0,"272":0,"273":0,"274":0,"275":0,"276":0,"277":0,"278":0,"279":0,"280":0,"281":0,"282":0,"283":0,"284":0,"285":0,"286":0,"287":0,"288":0,"289":0,"290":0,"291":0,"292":0,"293":0,"294":0,"295":0,"296":0,"297":0,"298":0,"299":0,"300":0,"301":0,"302":0,"303":0,"304":0,"305":0,"306":0,"307":0,"308":0,"309":0,"310":0,"311":0,"312":0,"313":0,"314":0,"315":0,"316":0,"317":0,"318":1,"319":0,"320":0,"321":0,"322":0,"323":0,"324":0,"325":0,"326":0,"327":0,"328":0,"329":0,"330":0,"331":0,"332":0,"333":0,"334":0,"335":0,"336":0,"337":0,"338":0,"339":0,"340":0,"341":0,"342":0,"343":0,"344":0,"345":0,"346":0,"347":0,"348":0,"349":0,"350":0,"351":0,"352":0,"353":0,"354":0,"355":0,"356":0,"357":0,"358":0,"359":0,"360":0,"361":0,"362":0,"363":0,"364":0,"365":0,"366":0,"367":0,"368":0,"369":0,"370":0,"371":0,"372":0,"373":0,"374":0,"375":0,"376":0,"377":0,"378":0,"379":0,"380":0,"381":0,"382":0,"383":0,"384":0,"385":0,"386":0,"387":0,"388":0,"389":0,"390":1,"391":0,"392":0,"393":0,"394":0,"395":0,"396":0,"397":0,"398":0,"399":0,"400":0,"401":0,"402":0,"403":0,"404":0,"405":0,"406":1,"407":0,"408":0,"409":0,"410":0,"411":0,"412":0,"413":0,"414":0,"415":0,"416":0,"417":0,"418":0,"419":0,"420":0,"421":0,"422":0,"423":0,"424":0,"425":0,"426":0,"427":0,"428":0,"429":0,"430":0,"431":0,"432":0,"433":0,"434":0,"435":0,"436":1,"437":0,"438":0,"439":0,"440":0,"441":0,"442":0,"443":0,"444":0,"445":0,"446":0,"447":0,"448":0,"449":0,"450":0,"451":0,"452":0,"453":0,"454":0,"455":0,"456":0,"457":0,"458":0,"459":0,"460":0,"461":0,"462":0,"463":0,"464":0,"465":0,"466":0,"467":0,"468":0,"469":0,"470":0,"471":0,"472":0,"473":0,"474":0,"475":0,"476":0,"477":0,"478":0,"479":0,"480":1,"481":0,"482":0,"483":0,"484":0,"485":0,"486":0,"487":0,"488":0,"489":0,"490":0,"491":0,"492":0,"493":0,"494":0,"495":0,"496":0,"497":0,"498":0,"499":0,"500":0,"501":0,"502":0,"503":0,"504":0,"505":0,"506":0,"507":0,"508":0,"509":0,"510":0,"511":0,"512":0,"513":0,"514":0,"515":0,"516":0,"517":0,"518":0,"519":0,"520":0,"521":0,"522":0,"523":0,"524":0,"525":0,"526":0,"527":0,"528":0,"529":0,"530":0,"531":0,"532":0,"533":0,"534":0,"535":0,"536":0,"537":1,"538":0,"539":0,"540":0,"541":0,"542":0,"543":0,"544":1,"545":0,"546":0,"547":0,"548":0,"549":0,"550":0,"551":0,"552":0,"553":0,"554":0,"555":0,"556":0,"557":0,"558":0,"559":0,"560":0,"561":0,"562":0,"563":0,"564":0,"565":0,"566":0,"567":0,"568":0,"569":0,"570":1,"571":0,"572":0,"573":0,"574":0,"575":0,"576":0,"577":0,"578":0,"579":0,"580":0,"581":0,"582":0,"583":0,"584":1,"585":0,"586":0,"587":0,"588":0,"589":0,"590":0,"591":0,"592":0,"593":0,"594":0,"595":0,"596":0,"597":1,"598":0,"599":0,"600":0,"601":1,"602":0,"603":0,"604":0,"605":0,"606":2,"607":2,"608":2,"609":0,"610":0,"611":0,"612":0,"613":0,"614":0,"615":0,"616":0,"617":0,"618":0,"619":0,"620":0,"621":0,"622":0,"623":0,"624":0,"625":0,"626":0,"627":0,"628":0,"629":0,"630":0,"631":0,"632":0,"633":0,"634":0,"635":0,"636":0,"637":0,"638":0,"639":0,"640":0,"641":0,"642":0,"643":0,"644":0,"645":0,"646":0,"647":0,"648":0,"649":0,"650":0,"651":0,"652":0,"653":0,"654":1,"655":0,"656":0,"657":0,"658":0,"659":0,"660":0,"661":0,"662":1,"663":0,"664":0,"665":2,"666":0,"667":0,"668":0,"669":0,"670":2,"671":2,"672":2,"673":2,"674":2,"675":0,"676":0,"677":0,"678":0,"679":0,"680":0,"681":0,"682":0,"683":0,"684":0,"685":0,"686":0,"687":0,"688":0,"689":0,"690":0,"691":0,"692":0,"693":0,"694":2,"695":1,"696":0,"697":0,"698":0,"699":0,"700":0,"701":0,"702":1,"703":0,"704":0,"705":0,"706":0,"707":0,"708":0,"709":1,"710":0,"711":0,"712":0,"713":1,"714":0,"715":0,"716":0,"717":0,"718":0,"719":1,"720":0,"721":0,"722":0,"723":0,"724":0,"725":0,"726":0,"727":0,"728":0,"729":0,"730":0,"731":0,"732":0,"733":0,"734":0,"735":0,"736":0,"737":0,"738":1,"739":0,"740":0,"741":0,"742":0,"743":0,"744":2,"745":2,"746":2,"747":2,"748":2,"749":2,"750":2,"751":2,"752":0,"753":0,"754":0,"755":0,"756":0,"757":0,"758":0,"759":0,"760":0,"761":0,"762":0,"763":0,"764":0,"765":0,"766":0,"767":0,"768":0,"769":0,"770":0,"771":0,"772":0,"773":0,"774":0,"775":0,"776":0,"777":0,"778":0,"779":0,"780":0,"781":0,"782":0,"783":0,"784":0,"785":0,"786":2,"787":0,"788":0,"789":0,"790":0,"791":0,"792":0,"793":0,"794":0,"795":0,"796":0,"797":0,"798":2,"799":1,"800":0,"801":2,"802":0,"803":2,"804":0,"805":2,"806":2,"807":0,"808":0,"809":0,"810":0,"811":0,"812":0,"813":0,"814":0,"815":0,"816":0,"817":0,"818":0,"819":0,"820":0,"821":0,"822":0,"823":0,"824":0,"825":1,"826":0,"827":2,"828":0,"829":1,"830":0,"831":0,"832":0,"833":0,"834":0,"835":0,"836":0,"837":0,"838":0,"839":0,"840":0,"841":0,"842":0,"843":0,"844":0,"845":0,"846":0,"847":0,"848":0,"849":0,"850":0,"851":0,"852":0,"853":0,"854":0,"855":0,"856":0,"857":0,"858":0,"859":0,"860":0,"861":0,"862":0,"863":0,"864":0,"865":0,"866":0,"867":0,"868":0,"869":0,"870":0,"871":0,"872":0,"873":0,"874":0,"875":0,"876":0,"877":0,"878":0,"879":0,"880":0,"881":0,"882":0,"883":0,"884":0,"885":0,"886":0,"887":2,"888":2,"889":2,"890":0,"891":0,"892":0,"893":0,"894":0,"895":0,"896":0,"897":0,"898":0,"899":2,"900":0,"901":0,"902":0,"903":0,"904":0,"905":2,"906":0,"907":0,"908":0,"909":0,"910":0,"911":0,"912":0,"913":0,"914":2,"915":0,"916":0,"917":0,"918":0,"919":0,"920":0,"921":2,"922":0,"923":0,"924":2,"925":0,"926":0,"927":0,"928":0,"929":2,"930":0,"931":0,"932":0,"933":2,"934":0,"935":0,"936":0,"937":0,"938":0,"939":0,"940":0,"941":0,"942":0,"943":0,"944":0,"945":0,"946":0,"947":0,"948":0,"949":0,"950":0,"951":0,"952":0,"953":2,"954":0,"955":0,"956":0,"957":0,"958":0,"959":0,"960":0,"961":0,"962":0,"963":2,"964":2,"965":2,"966":2,"967":2,"968":2,"969":0,"970":0,"971":0,"972":0,"973":0,"974":0,"975":0,"976":0,"977":0,"978":0,"979":0,"980":0,"981":0,"982":0,"983":0,"984":0,"985":0,"986":0,"987":0,"988":0,"989":0,"990":0,"991":2,"992":2,"993":2,"994":2,"995":0,"996":0,"997":0,"998":2,"999":0,"1000":0,"1001":0,"1002":0,"1003":0,"1004":0,"1005":0,"1006":0,"1007":0,"1008":0,"1009":0,"1010":0,"1011":0,"1012":0,"1013":0,"1014":2,"1015":2,"1016":2,"1017":4,"1018":4,"1019":0,"1020":0,"1021":0,"1022":2,"1023":0,"1024":0,"1025":2,"1026":0,"1027":0,"1028":0,"1029":2,"1030":0,"1031":0,"1032":0,"1033":0,"1034":0,"1035":0,"1036":0,"1037":0,"1038":0,"1039":0,"1040":0,"1041":0,"1042":0,"1043":0,"1044":0,"1045":2,"1046":2,"1047":0,"1048":0,"1049":0,"1050":0,"1051":0,"1052":0,"1053":0,"1054":0,"1055":0,"1056":0,"1057":0,"1058":0,"1059":0,"1060":0,"1061":0,"1062":2,"1063":1,"1064":0,"1065":0,"1066":0,"1067":0,"1068":0,"1069":2,"1070":0,"1071":0,"1072":0,"1073":0,"1074":0,"1075":0,"1076":0,"1077":0,"1078":0,"1079":0,"1080":0,"1081":0,"1082":0,"1083":0,"1084":0,"1085":0,"1086":0,"1087":0,"1088":0,"1089":0,"1090":0,"1091":0,"1092":0,"1093":0,"1094":0,"1095":0,"1096":0,"1097":0,"1098":0,"1099":0,"1100":2,"1101":0,"1102":0,"1103":0,"1104":0,"1105":0,"1106":0,"1107":0,"1108":0,"1109":0,"1110":0,"1111":2,"1112":0,"1113":0,"1114":0,"1115":0,"1116":0,"1117":0,"1118":0,"1119":2,"1120":0,"1121":2,"1122":0,"1123":0,"1124":0,"1125":2,"1126":0,"1127":0,"1128":0,"1129":0,"1130":0,"1131":0,"1132":0,"1133":0,"1134":2,"1135":2,"1136":2,"1137":2,"1138":2,"1139":2,"1140":2,"1141":2,"1142":0,"1143":0,"1144":0,"1145":0,"1146":0,"1147":1,"1148":0,"1149":1,"1150":0,"1151":1,"1152":0,"1153":0,"1154":2,"1155":0,"1156":0,"1157":0,"1158":0,"1159":0,"1160":0,"1161":0,"1162":0,"1163":0,"1164":0,"1165":0,"1166":0,"1167":0,"1168":0,"1169":0,"1170":0,"1171":0,"1172":0,"1173":0,"1174":0,"1175":0,"1176":0,"1177":0,"1178":0,"1179":0,"1180":0,"1181":0,"1182":0,"1183":0,"1184":0,"1185":0,"1186":0,"1187":0,"1188":0,"1189":0,"1190":0,"1191":0,"1192":2,"1193":2,"1194":0,"1195":0,"1196":0,"1197":0,"1198":0,"1199":0,"1200":0,"1201":1,"1202":0,"1203":0,"1204":0,"1205":0,"1206":0,"1207":0,"1208":0,"1209":0,"1210":0,"1211":0,"1212":0,"1213":0,"1214":0,"1215":0,"1216":0,"1217":1,"1218":0,"1219":0,"1220":0,"1221":0,"1222":0,"1223":1,"1224":0,"1225":1,"1226":0,"1227":0,"1228":0,"1229":0,"1230":0,"1231":0,"1232":0,"1233":0,"1234":0,"1235":0,"1236":0,"1237":0,"1238":0,"1239":0,"1240":0,"1241":0,"1242":0,"1243":0,"1244":0,"1245":0,"1246":0,"1247":0,"1248":0,"1249":0,"1250":0,"1251":0,"1252":0,"1253":0,"1254":0,"1255":0,"1256":0,"1257":0,"1258":0,"1259":0,"1260":0,"1261":0,"1262":0,"1263":0,"1264":0,"1265":0,"1266":0,"1267":0,"1268":0,"1269":0,"1270":0,"1271":0,"1272":0,"1273":0,"1274":0,"1275":0,"1276":0,"1277":0,"1278":2,"1279":2,"1280":1,"1281":0,"1282":0,"1283":0,"1284":0,"1285":0,"1286":0,"1287":0,"1288":0,"1289":0,"1290":0,"1291":0,"1292":0,"1293":0,"1294":0,"1295":0,"1296":0,"1297":0,"1298":0,"1299":0,"1300":0,"1301":0,"1302":0,"1303":0,"1304":0,"1305":0,"1306":0,"1307":2,"1308":2,"1309":2,"1310":2,"1311":2,"1312":2,"1313":0,"1314":0,"1315":0,"1316":0,"1317":0,"1318":0,"1319":0,"1320":0,"1321":0,"1322":0,"1323":0,"1324":0,"1325":0,"1326":0,"1327":0,"1328":0,"1329":0,"1330":0,"1331":0,"1332":0,"1333":0,"1334":0,"1335":0,"1336":0,"1337":0,"1338":0,"1339":0,"1340":0,"1341":0,"1342":0,"1343":0,"1344":0,"1345":0,"1346":0,"1347":0,"1348":0,"1349":0,"1350":0,"1351":0,"1352":0,"1353":0},"b":{"1":[2,0],"2":[0,0],"3":[0,0],"4":[0,0],"5":[0,0],"6":[0,0],"7":[0,0],"8":[0,0],"9":[0,0],"10":[0,0],"11":[0,0],"12":[0,0],"13":[0,0],"14":[0,0],"15":[0,0],"16":[0,0],"17":[0,0],"18":[0,0],"19":[0,0],"20":[0,0],"21":[0,0],"22":[0,0],"23":[0,0],"24":[0,0],"25":[0,0],"26":[0,0],"27":[0,0,0],"28":[0,0],"29":[0,0],"30":[0,0],"31":[0,0],"32":[0,0],"33":[0,0],"34":[0,0],"35":[0,0],"36":[0,0],"37":[0,0],"38":[2,0],"39":[2,2],"40":[0,0],"41":[0,0],"42":[0,0],"43":[12,32],"44":[0,0,0],"45":[0,0],"46":[0,0],"47":[0,0],"48":[0,0],"49":[0,0],"50":[0,0],"51":[0,0],"52":[0,0],"53":[0,0],"54":[0,0,0],"55":[0,0],"56":[0,0],"57":[0,0],"58":[0,0],"59":[0,0],"60":[0,0],"61":[0,0],"62":[0,0],"63":[0,0],"64":[0,0],"65":[0,0],"66":[0,0],"67":[0,0],"68":[0,0],"69":[0,0],"70":[0,0],"71":[0,0],"72":[0,0],"73":[0,0],"74":[0,0],"75":[0,0],"76":[0,0],"77":[0,0],"78":[0,0],"79":[0,0],"80":[0,0],"81":[0,0],"82":[0,0],"83":[0,0],"84":[0,0],"85":[0,0],"86":[0,0],"87":[0,0],"88":[0,0],"89":[0,0],"90":[0,0],"91":[0,0],"92":[0,0],"93":[0,0],"94":[0,0],"95":[0,0],"96":[0,0],"97":[0,0],"98":[0,0],"99":[0,0],"100":[0,0],"101":[0,0],"102":[0,0],"103":[0,0],"104":[0,0,0,0],"105":[0,0],"106":[0,0],"107":[0,0],"108":[0,0],"109":[0,0],"110":[0,0],"111":[0,0],"112":[0,0],"113":[0,0],"114":[0,0],"115":[0,0],"116":[0,0],"117":[0,0],"118":[0,0],"119":[0,0],"120":[0,0],"121":[0,0],"122":[0,0],"123":[0,0],"124":[0,0],"125":[0,0],"126":[0,0],"127":[0,0,0],"128":[0,0],"129":[0,0,0],"130":[0,0],"131":[0,0],"132":[0,0,0],"133":[0,0],"134":[0,0],"135":[0,0],"136":[0,0],"137":[0,0],"138":[0,0],"139":[0,0],"140":[0,0],"141":[0,0],"142":[0,0],"143":[0,0],"144":[0,0],"145":[0,0],"146":[0,0],"147":[0,0],"148":[0,0],"149":[0,0,0],"150":[0,0],"151":[0,0],"152":[0,0],"153":[0,0],"154":[0,0],"155":[0,0],"156":[0,0],"157":[0,0],"158":[0,0],"159":[0,0],"160":[0,0],"161":[0,0],"162":[0,0,0],"163":[0,0],"164":[0,0],"165":[0,0],"166":[0,0],"167":[0,0],"168":[0,0],"169":[0,0],"170":[0,0],"171":[0,0],"172":[0,0],"173":[0,0],"174":[0,0],"175":[0,0],"176":[0,0],"177":[0,0],"178":[0,0],"179":[0,0],"180":[0,0],"181":[0,0],"182":[0,0],"183":[0,0],"184":[0,0],"185":[0,0],"186":[0,0],"187":[0,0],"188":[0,0],"189":[0,0],"190":[0,0],"191":[0,0],"192":[0,0],"193":[0,0],"194":[0,0],"195":[0,0],"196":[0,0],"197":[0,0],"198":[0,0],"199":[0,0],"200":[0,0],"201":[0,0],"202":[0,0],"203":[0,0],"204":[0,0],"205":[0,0],"206":[0,0],"207":[0,0],"208":[0,0],"209":[0,0],"210":[0,0],"211":[0,0],"212":[0,0,0],"213":[0,0],"214":[0,0],"215":[0,0],"216":[0,0],"217":[0,0],"218":[0,0],"219":[0,0],"220":[0,0],"221":[0,0],"222":[2,0],"223":[0,0],"224":[0,0],"225":[0,0],"226":[0,0],"227":[0,0],"228":[0,0],"229":[0,0],"230":[0,0],"231":[0,0],"232":[0,0],"233":[0,0],"234":[0,0],"235":[0,0],"236":[0,0],"237":[0,0,0,0,0],"238":[0,0],"239":[0,0],"240":[0,0],"241":[0,0],"242":[0,0],"243":[0,0],"244":[0,0],"245":[0,0,0,0,0],"246":[0,0],"247":[0,0],"248":[0,0],"249":[0,0],"250":[0,0],"251":[0,0],"252":[0,0],"253":[0,0],"254":[0,0],"255":[0,0],"256":[0,0],"257":[0,0],"258":[0,0],"259":[0,0],"260":[0,0],"261":[0,0],"262":[0,0],"263":[0,0],"264":[0,0,0,0,0],"265":[0,0],"266":[0,0],"267":[0,0],"268":[0,0],"269":[0,0],"270":[0,0],"271":[0,0],"272":[0,0],"273":[0,0,0,0,0,0],"274":[0,0],"275":[0,0],"276":[0,0],"277":[0,0],"278":[0,0],"279":[0,0],"280":[0,0],"281":[0,0],"282":[0,0],"283":[4,0],"284":[0,0],"285":[0,0],"286":[0,0],"287":[0,0],"288":[0,0],"289":[0,0],"290":[0,0],"291":[0,0],"292":[0,0],"293":[0,0],"294":[0,0],"295":[0,0],"296":[0,0],"297":[0,0],"298":[0,0],"299":[0,0],"300":[0,0],"301":[0,0],"302":[0,0],"303":[0,0],"304":[0,0],"305":[0,0],"306":[0,0],"307":[0,0],"308":[0,0],"309":[0,0],"310":[0,0],"311":[0,0],"312":[0,0],"313":[0,0],"314":[0,0],"315":[0,0],"316":[0,0],"317":[0,0],"318":[0,0],"319":[0,0],"320":[0,0],"321":[0,0],"322":[0,0],"323":[0,0],"324":[0,0],"325":[0,0],"326":[0,0],"327":[0,0],"328":[0,0],"329":[0,0,0],"330":[0,0],"331":[0,0],"332":[0,0],"333":[0,0],"334":[0,0],"335":[0,0],"336":[0,0],"337":[0,0],"338":[0,0],"339":[0,0],"340":[0,0],"341":[0,0],"342":[0,0],"343":[0,0],"344":[0,0],"345":[0,0],"346":[0,0],"347":[0,0],"348":[0,0],"349":[0,0],"350":[0,0],"351":[0,0],"352":[0,0],"353":[0,0],"354":[0,0],"355":[0,0],"356":[0,0],"357":[0,0],"358":[0,0,0,0,0,0],"359":[0,0],"360":[0,0],"361":[0,0],"362":[0,0],"363":[0,0],"364":[0,0]},"f":{"1":2,"2":0,"3":0,"4":0,"5":0,"6":0,"7":0,"8":0,"9":0,"10":0,"11":0,"12":0,"13":0,"14":0,"15":0,"16":0,"17":0,"18":0,"19":0,"20":0,"21":0,"22":2,"23":2,"24":2,"25":44,"26":2,"27":2,"28":2,"29":0,"30":0,"31":0,"32":0,"33":0,"34":0,"35":0,"36":0,"37":0,"38":0,"39":0,"40":0,"41":0,"42":0,"43":0,"44":0,"45":0,"46":0,"47":0,"48":0,"49":0,"50":0,"51":0,"52":0,"53":0,"54":0,"55":0,"56":0,"57":2,"58":0,"59":0,"60":0,"61":0,"62":0,"63":0,"64":0,"65":2,"66":0,"67":0,"68":2,"69":2,"70":0,"71":0,"72":0,"73":0,"74":0,"75":0,"76":0,"77":0,"78":0,"79":2,"80":0,"81":0,"82":2,"83":0,"84":0,"85":0,"86":2,"87":0,"88":0,"89":2,"90":0,"91":0,"92":0,"93":0,"94":0,"95":0,"96":0,"97":0,"98":0,"99":0,"100":0,"101":2,"102":2,"103":0,"104":0,"105":0,"106":0,"107":0,"108":0,"109":0,"110":0,"111":0,"112":0,"113":0,"114":0,"115":2,"116":2,"117":2,"118":0,"119":2,"120":0,"121":0,"122":2,"123":2,"124":2,"125":4,"126":0,"127":0,"128":0,"129":2,"130":2,"131":0,"132":0,"133":0,"134":0,"135":0,"136":0,"137":0,"138":0,"139":0,"140":2,"141":2,"142":0,"143":0,"144":0,"145":0,"146":0,"147":0,"148":0,"149":0,"150":2,"151":0,"152":0,"153":0,"154":0,"155":0,"156":0,"157":0,"158":2,"159":0,"160":2,"161":2,"162":0,"163":0},"fnMap":{"1":{"name":"(anonymous_1)","line":12,"loc":{"start":{"line":12,"column":1},"end":{"line":12,"column":19}}},"2":{"name":"(anonymous_2)","line":18,"loc":{"start":{"line":18,"column":34},"end":{"line":18,"column":55}}},"3":{"name":"(anonymous_3)","line":38,"loc":{"start":{"line":38,"column":31},"end":{"line":38,"column":52}}},"4":{"name":"(anonymous_4)","line":45,"loc":{"start":{"line":45,"column":40},"end":{"line":45,"column":62}}},"5":{"name":"(anonymous_5)","line":55,"loc":{"start":{"line":55,"column":18},"end":{"line":55,"column":31}}},"6":{"name":"(anonymous_6)","line":70,"loc":{"start":{"line":70,"column":30},"end":{"line":70,"column":58}}},"7":{"name":"(anonymous_7)","line":87,"loc":{"start":{"line":87,"column":3},"end":{"line":87,"column":21}}},"8":{"name":"(anonymous_8)","line":89,"loc":{"start":{"line":89,"column":33},"end":{"line":89,"column":50}}},"9":{"name":"(anonymous_9)","line":127,"loc":{"start":{"line":127,"column":33},"end":{"line":127,"column":50}}},"10":{"name":"(anonymous_10)","line":167,"loc":{"start":{"line":167,"column":40},"end":{"line":167,"column":55}}},"11":{"name":"(anonymous_11)","line":186,"loc":{"start":{"line":186,"column":3},"end":{"line":186,"column":13}}},"12":{"name":"(anonymous_12)","line":192,"loc":{"start":{"line":192,"column":28},"end":{"line":192,"column":40}}},"13":{"name":"now","line":204,"loc":{"start":{"line":204,"column":31},"end":{"line":204,"column":45}}},"14":{"name":"(anonymous_14)","line":215,"loc":{"start":{"line":215,"column":5},"end":{"line":215,"column":23}}},"15":{"name":"(anonymous_15)","line":216,"loc":{"start":{"line":216,"column":37},"end":{"line":216,"column":57}}},"16":{"name":"(anonymous_16)","line":217,"loc":{"start":{"line":217,"column":43},"end":{"line":217,"column":55}}},"17":{"name":"(anonymous_17)","line":226,"loc":{"start":{"line":226,"column":5},"end":{"line":226,"column":23}}},"18":{"name":"(anonymous_18)","line":227,"loc":{"start":{"line":227,"column":37},"end":{"line":227,"column":57}}},"19":{"name":"(anonymous_19)","line":228,"loc":{"start":{"line":228,"column":40},"end":{"line":228,"column":52}}},"20":{"name":"(anonymous_20)","line":236,"loc":{"start":{"line":236,"column":5},"end":{"line":236,"column":23}}},"21":{"name":"(anonymous_21)","line":237,"loc":{"start":{"line":237,"column":37},"end":{"line":237,"column":57}}},"22":{"name":"webpackUniversalModuleDefinition","line":247,"loc":{"start":{"line":247,"column":1},"end":{"line":247,"column":58}}},"23":{"name":"(anonymous_23)","line":256,"loc":{"start":{"line":256,"column":9},"end":{"line":256,"column":20}}},"24":{"name":"(anonymous_24)","line":257,"loc":{"start":{"line":257,"column":17},"end":{"line":257,"column":35}}},"25":{"name":"__webpack_require__","line":262,"loc":{"start":{"line":262,"column":10},"end":{"line":262,"column":49}}},"26":{"name":"(anonymous_26)","line":301,"loc":{"start":{"line":301,"column":6},"end":{"line":301,"column":53}}},"27":{"name":"(anonymous_27)","line":313,"loc":{"start":{"line":313,"column":6},"end":{"line":313,"column":53}}},"28":{"name":"(anonymous_28)","line":315,"loc":{"start":{"line":315,"column":29},"end":{"line":315,"column":46}}},"29":{"name":"(anonymous_29)","line":349,"loc":{"start":{"line":349,"column":15},"end":{"line":349,"column":37}}},"30":{"name":"(anonymous_30)","line":361,"loc":{"start":{"line":361,"column":15},"end":{"line":361,"column":33}}},"31":{"name":"(anonymous_31)","line":364,"loc":{"start":{"line":364,"column":23},"end":{"line":364,"column":39}}},"32":{"name":"(anonymous_32)","line":381,"loc":{"start":{"line":381,"column":22},"end":{"line":381,"column":42}}},"33":{"name":"(anonymous_33)","line":395,"loc":{"start":{"line":395,"column":10},"end":{"line":395,"column":32}}},"34":{"name":"(anonymous_34)","line":419,"loc":{"start":{"line":419,"column":28},"end":{"line":419,"column":49}}},"35":{"name":"(anonymous_35)","line":430,"loc":{"start":{"line":430,"column":25},"end":{"line":430,"column":43}}},"36":{"name":"(anonymous_36)","line":467,"loc":{"start":{"line":467,"column":25},"end":{"line":467,"column":43}}},"37":{"name":"(anonymous_37)","line":485,"loc":{"start":{"line":485,"column":24},"end":{"line":485,"column":41}}},"38":{"name":"(anonymous_38)","line":508,"loc":{"start":{"line":508,"column":26},"end":{"line":508,"column":81}}},"39":{"name":"(anonymous_39)","line":509,"loc":{"start":{"line":509,"column":52},"end":{"line":509,"column":69}}},"40":{"name":"prepareImageElement","line":576,"loc":{"start":{"line":576,"column":1},"end":{"line":576,"column":64}}},"41":{"name":"parseURL","line":595,"loc":{"start":{"line":595,"column":1},"end":{"line":595,"column":41}}},"42":{"name":"prepareDOMElement","line":711,"loc":{"start":{"line":711,"column":1},"end":{"line":711,"column":42}}},"43":{"name":"(anonymous_43)","line":741,"loc":{"start":{"line":741,"column":43},"end":{"line":741,"column":60}}},"44":{"name":"render","line":862,"loc":{"start":{"line":862,"column":1},"end":{"line":862,"column":33}}},"45":{"name":"getRenderedImage","line":890,"loc":{"start":{"line":890,"column":5},"end":{"line":890,"column":33}}},"46":{"name":"(anonymous_46)","line":931,"loc":{"start":{"line":931,"column":31},"end":{"line":931,"column":43}}},"47":{"name":"buildSceneGraph","line":964,"loc":{"start":{"line":964,"column":1},"end":{"line":964,"column":33}}},"48":{"name":"finalizeLine","line":1053,"loc":{"start":{"line":1053,"column":5},"end":{"line":1053,"column":56}}},"49":{"name":"textSize","line":1150,"loc":{"start":{"line":1150,"column":1},"end":{"line":1150,"column":51}}},"50":{"name":"updateResizableElements","line":1167,"loc":{"start":{"line":1167,"column":1},"end":{"line":1167,"column":43}}},"51":{"name":"setInitialDimensions","line":1226,"loc":{"start":{"line":1226,"column":1},"end":{"line":1226,"column":35}}},"52":{"name":"visibilityCheck","line":1259,"loc":{"start":{"line":1259,"column":1},"end":{"line":1259,"column":28}}},"53":{"name":"(anonymous_53)","line":1264,"loc":{"start":{"line":1264,"column":18},"end":{"line":1264,"column":33}}},"54":{"name":"(anonymous_54)","line":1279,"loc":{"start":{"line":1279,"column":16},"end":{"line":1279,"column":28}}},"55":{"name":"startVisibilityCheck","line":1289,"loc":{"start":{"line":1289,"column":1},"end":{"line":1289,"column":33}}},"56":{"name":"setInvisible","line":1302,"loc":{"start":{"line":1302,"column":1},"end":{"line":1302,"column":27}}},"57":{"name":"(anonymous_57)","line":1311,"loc":{"start":{"line":1311,"column":24},"end":{"line":1311,"column":35}}},"58":{"name":"(anonymous_58)","line":1315,"loc":{"start":{"line":1315,"column":12},"end":{"line":1315,"column":28}}},"59":{"name":"(anonymous_59)","line":1319,"loc":{"start":{"line":1319,"column":25},"end":{"line":1319,"column":40}}},"60":{"name":"debounce","line":1415,"loc":{"start":{"line":1415,"column":1},"end":{"line":1415,"column":23}}},"61":{"name":"(anonymous_61)","line":1418,"loc":{"start":{"line":1418,"column":48},"end":{"line":1418,"column":59}}},"62":{"name":"resizeEvent","line":1427,"loc":{"start":{"line":1427,"column":1},"end":{"line":1427,"column":24}}},"63":{"name":"(anonymous_63)","line":1428,"loc":{"start":{"line":1428,"column":14},"end":{"line":1428,"column":25}}},"64":{"name":"(anonymous_64)","line":1437,"loc":{"start":{"line":1437,"column":29},"end":{"line":1437,"column":43}}},"65":{"name":"(anonymous_65)","line":1469,"loc":{"start":{"line":1469,"column":2},"end":{"line":1469,"column":13}}},"66":{"name":"(anonymous_66)","line":1489,"loc":{"start":{"line":1489,"column":16},"end":{"line":1489,"column":27}}},"67":{"name":"(anonymous_67)","line":1501,"loc":{"start":{"line":1501,"column":61},"end":{"line":1501,"column":72}}},"68":{"name":"(anonymous_68)","line":1510,"loc":{"start":{"line":1510,"column":45},"end":{"line":1510,"column":56}}},"69":{"name":"(anonymous_69)","line":1514,"loc":{"start":{"line":1514,"column":6},"end":{"line":1514,"column":32}}},"70":{"name":"_onDomReady","line":1522,"loc":{"start":{"line":1522,"column":1},"end":{"line":1522,"column":27}}},"71":{"name":"DOMContentLoaded","line":1526,"loc":{"start":{"line":1526,"column":55},"end":{"line":1526,"column":83}}},"72":{"name":"ready","line":1559,"loc":{"start":{"line":1559,"column":5},"end":{"line":1559,"column":26}}},"73":{"name":"completed","line":1578,"loc":{"start":{"line":1578,"column":5},"end":{"line":1578,"column":33}}},"74":{"name":"detach","line":1587,"loc":{"start":{"line":1587,"column":5},"end":{"line":1587,"column":23}}},"75":{"name":"defer","line":1598,"loc":{"start":{"line":1598,"column":5},"end":{"line":1598,"column":32}}},"76":{"name":"doScrollCheck","line":1635,"loc":{"start":{"line":1635,"column":14},"end":{"line":1635,"column":39}}},"77":{"name":"onDomReady","line":1655,"loc":{"start":{"line":1655,"column":5},"end":{"line":1655,"column":31}}},"78":{"name":"(anonymous_78)","line":1663,"loc":{"start":{"line":1663,"column":26},"end":{"line":1663,"column":36}}},"79":{"name":"(anonymous_79)","line":1674,"loc":{"start":{"line":1674,"column":6},"end":{"line":1674,"column":53}}},"80":{"name":"(anonymous_80)","line":1700,"loc":{"start":{"line":1700,"column":17},"end":{"line":1700,"column":30}}},"81":{"name":"(anonymous_81)","line":1759,"loc":{"start":{"line":1759,"column":21},"end":{"line":1759,"column":34}}},"82":{"name":"(anonymous_82)","line":1782,"loc":{"start":{"line":1782,"column":6},"end":{"line":1782,"column":32}}},"83":{"name":"trim","line":1787,"loc":{"start":{"line":1787,"column":1},"end":{"line":1787,"column":19}}},"84":{"name":"(anonymous_84)","line":1791,"loc":{"start":{"line":1791,"column":16},"end":{"line":1791,"column":29}}},"85":{"name":"(anonymous_85)","line":1795,"loc":{"start":{"line":1795,"column":17},"end":{"line":1795,"column":30}}},"86":{"name":"(anonymous_86)","line":1802,"loc":{"start":{"line":1802,"column":6},"end":{"line":1802,"column":32}}},"87":{"name":"(anonymous_87)","line":1818,"loc":{"start":{"line":1818,"column":18},"end":{"line":1818,"column":31}}},"88":{"name":"isBuffer","line":1842,"loc":{"start":{"line":1842,"column":1},"end":{"line":1842,"column":24}}},"89":{"name":"(anonymous_89)","line":1854,"loc":{"start":{"line":1854,"column":6},"end":{"line":1854,"column":32}}},"90":{"name":"(anonymous_90)","line":1856,"loc":{"start":{"line":1856,"column":18},"end":{"line":1856,"column":44}}},"91":{"name":"merge","line":1860,"loc":{"start":{"line":1860,"column":5},"end":{"line":1860,"column":35}}},"92":{"name":"(anonymous_92)","line":1867,"loc":{"start":{"line":1867,"column":21},"end":{"line":1867,"column":36}}},"93":{"name":"(anonymous_93)","line":1880,"loc":{"start":{"line":1880,"column":34},"end":{"line":1880,"column":58}}},"94":{"name":"(anonymous_94)","line":1889,"loc":{"start":{"line":1889,"column":34},"end":{"line":1889,"column":52}}},"95":{"name":"(anonymous_95)","line":1895,"loc":{"start":{"line":1895,"column":31},"end":{"line":1895,"column":47}}},"96":{"name":"(anonymous_96)","line":1905,"loc":{"start":{"line":1905,"column":20},"end":{"line":1905,"column":31}}},"97":{"name":"(anonymous_97)","line":1912,"loc":{"start":{"line":1912,"column":17},"end":{"line":1912,"column":39}}},"98":{"name":"(anonymous_98)","line":1926,"loc":{"start":{"line":1926,"column":17},"end":{"line":1926,"column":28}}},"99":{"name":"(anonymous_99)","line":1933,"loc":{"start":{"line":1933,"column":16},"end":{"line":1933,"column":27}}},"100":{"name":"(anonymous_100)","line":1940,"loc":{"start":{"line":1940,"column":16},"end":{"line":1940,"column":31}}},"101":{"name":"(anonymous_101)","line":1965,"loc":{"start":{"line":1965,"column":6},"end":{"line":1965,"column":32}}},"102":{"name":"(anonymous_102)","line":1967,"loc":{"start":{"line":1967,"column":29},"end":{"line":1967,"column":46}}},"103":{"name":"(anonymous_103)","line":1974,"loc":{"start":{"line":1974,"column":18},"end":{"line":1974,"column":33}}},"104":{"name":"(anonymous_104)","line":1996,"loc":{"start":{"line":1996,"column":20},"end":{"line":1996,"column":36}}},"105":{"name":"(anonymous_105)","line":2011,"loc":{"start":{"line":2011,"column":28},"end":{"line":2011,"column":42}}},"106":{"name":"(anonymous_106)","line":2031,"loc":{"start":{"line":2031,"column":23},"end":{"line":2031,"column":47}}},"107":{"name":"(anonymous_107)","line":2033,"loc":{"start":{"line":2033,"column":21},"end":{"line":2033,"column":32}}},"108":{"name":"(anonymous_108)","line":2036,"loc":{"start":{"line":2036,"column":20},"end":{"line":2036,"column":31}}},"109":{"name":"(anonymous_109)","line":2047,"loc":{"start":{"line":2047,"column":28},"end":{"line":2047,"column":42}}},"110":{"name":"(anonymous_110)","line":2048,"loc":{"start":{"line":2048,"column":37},"end":{"line":2048,"column":58}}},"111":{"name":"(anonymous_111)","line":2059,"loc":{"start":{"line":2059,"column":26},"end":{"line":2059,"column":39}}},"112":{"name":"(anonymous_112)","line":2077,"loc":{"start":{"line":2077,"column":18},"end":{"line":2077,"column":32}}},"113":{"name":"(anonymous_113)","line":2088,"loc":{"start":{"line":2088,"column":22},"end":{"line":2088,"column":36}}},"114":{"name":"(anonymous_114)","line":2125,"loc":{"start":{"line":2125,"column":23},"end":{"line":2125,"column":35}}},"115":{"name":"(anonymous_115)","line":2140,"loc":{"start":{"line":2140,"column":45},
[...]
0,"134":0,"136":0,"137":0,"138":0,"139":0,"142":0,"143":0,"144":0,"145":0,"147":0,"148":0,"150":0,"151":0,"154":0,"160":0,"165":0,"167":0,"168":0,"169":0,"186":0,"188":0,"189":0,"192":0,"193":0,"196":0,"198":0,"200":0,"201":0,"204":0,"205":0,"212":0,"213":0,"215":0,"216":0,"217":0,"218":0,"222":0,"224":0,"226":0,"227":0,"228":0,"229":0,"233":0,"236":0,"237":0,"238":0,"241":0,"247":2,"248":2,"249":2,"250":0,"251":0,"252":0,"253":0,"255":0,"257":2,"259":2,"262":1,"265":44,"266":12,"269":32,"276":32,"279":28,"282":28,"287":2,"290":2,"293":2,"296":2,"308":2,"315":2,"321":2,"322":2,"324":2,"325":2,"326":2,"327":2,"328":2,"329":2,"331":2,"332":2,"334":2,"335":2,"338":2,"340":2,"350":0,"351":0,"352":0,"363":0,"364":0,"365":0,"366":0,"367":0,"368":0,"369":0,"371":0,"382":0,"383":0,"384":0,"385":0,"397":0,"398":0,"399":0,"401":0,"402":0,"404":0,"405":0,"406":0,"409":0,"410":0,"411":0,"412":0,"414":0,"415":0,"416":0,"417":0,"419":0,"420":0,"421":0,"423":0,"424":0,"425":0,"426":0,"430":0,"432":0,"433":0,"434":0,"435":0,"437":0,"438":0,"439":0,"441":0,"442":0,"443":0,"444":0,"446":0,"447":0,"448":0,"449":0,"450":0,"454":0,"455":0,"456":0,"457":0,"467":0,"468":0,"470":0,"471":0,"472":0,"475":0,"476":0,"478":0,"479":0,"480":0,"481":0,"485":0,"486":0,"488":0,"489":0,"490":0,"491":0,"494":0,"495":0,"496":0,"498":0,"499":0,"500":0,"501":0,"503":0,"505":0,"508":0,"509":0,"510":0,"511":0,"517":0,"518":0,"522":0,"526":2,"576":1,"577":0,"578":0,"579":0,"595":1,"596":0,"602":0,"603":0,"605":0,"606":0,"609":0,"611":0,"613":0,"614":0,"616":0,"618":0,"620":0,"625":0,"626":0,"630":0,"631":0,"632":0,"633":0,"635":0,"636":0,"638":0,"639":0,"642":0,"646":0,"647":0,"650":0,"651":0,"655":0,"656":0,"659":0,"660":0,"665":0,"666":0,"669":0,"670":0,"673":0,"674":0,"677":0,"678":0,"681":0,"682":0,"685":0,"686":0,"689":0,"693":0,"695":0,"696":0,"697":0,"698":0,"702":0,"711":1,"712":0,"713":0,"714":0,"715":0,"716":0,"718":0,"719":0,"720":0,"721":0,"723":0,"724":0,"727":0,"728":0,"729":0,"730":0,"732":0,"736":0,"737":0,"739":0,"741":0,"742":0,"743":0,"749":0,"750":0,"752":0,"759":0,"760":0,"761":0,"768":0,"769":0,"772":0,"773":0,"774":0,"779":0,"780":0,"781":0,"784":0,"787":0,"792":0,"793":0,"798":0,"809":0,"810":0,"811":0,"812":0,"815":0,"816":0,"818":0,"820":0,"821":0,"822":0,"823":0,"826":0,"827":0,"828":0,"829":0,"831":0,"832":0,"833":0,"834":0,"836":0,"837":0,"838":0,"839":0,"841":0,"842":0,"845":0,"847":0,"848":0,"850":0,"851":0,"862":1,"863":0,"864":0,"865":0,"866":0,"867":0,"869":0,"871":0,"872":0,"874":0,"875":0,"877":0,"881":0,"888":0,"890":1,"891":0,"892":0,"894":0,"895":0,"897":0,"898":0,"900":0,"903":0,"906":0,"908":0,"909":0,"913":0,"914":0,"916":0,"917":0,"920":0,"921":0,"924":0,"925":0,"930":0,"931":0,"932":0,"933":0,"934":0,"937":0,"938":0,"941":0,"942":0,"951":0,"964":1,"965":0,"966":0,"967":0,"968":0,"969":0,"972":0,"979":0,"981":0,"983":0,"985":0,"987":0,"988":0,"990":0,"991":0,"992":0,"995":0,"996":0,"997":0,"999":0,"1004":0,"1006":0,"1010":0,"1011":0,"1013":0,"1014":0,"1015":0,"1016":0,"1022":0,"1024":0,"1025":0,"1026":0,"1027":0,"1031":0,"1034":0,"1041":0,"1042":0,"1044":0,"1045":0,"1046":0,"1048":0,"1050":0,"1051":0,"1053":1,"1054":0,"1055":0,"1056":0,"1057":0,"1060":0,"1061":0,"1062":0,"1063":0,"1064":0,"1065":0,"1068":0,"1069":0,"1072":0,"1073":0,"1074":0,"1075":0,"1076":0,"1077":0,"1078":0,"1079":0,"1080":0,"1081":0,"1082":0,"1083":0,"1085":0,"1086":0,"1088":0,"1089":0,"1090":0,"1093":0,"1094":0,"1096":0,"1097":0,"1098":0,"1099":0,"1100":0,"1101":0,"1104":0,"1106":0,"1107":0,"1108":0,"1111":0,"1114":0,"1117":0,"1118":0,"1121":0,"1122":0,"1123":0,"1124":0,"1126":0,"1127":0,"1128":0,"1129":0,"1131":0,"1134":0,"1138":0,"1150":1,"1151":0,"1152":0,"1154":0,"1155":0,"1157":0,"1158":0,"1167":1,"1168":0,"1169":0,"1170":0,"1172":0,"1174":0,"1175":0,"1176":0,"1177":0,"1178":0,"1179":0,"1180":0,"1181":0,"1184":0,"1185":0,"1186":0,"1188":0,"1189":0,"1191":0,"1192":0,"1196":0,"1207":0,"1208":0,"1209":0,"1212":0,"1214":0,"1226":1,"1227":0,"1228":0,"1229":0,"1230":0,"1232":0,"1239":0,"1240":0,"1241":0,"1242":0,"1243":0,"1244":0,"1247":0,"1249":0,"1259":1,"1260":0,"1261":0,"1262":0,"1264":0,"1265":0,"1266":0,"1267":0,"1268":0,"1272":0,"1273":0,"1279":0,"1280":0,"1289":1,"1290":0,"1291":0,"1292":0,"1302":1,"1303":0,"1304":0,"1305":0,"1306":0,"1311":2,"1312":2,"1315":2,"1316":0,"1317":0,"1318":0,"1319":0,"1320":0,"1322":0,"1323":0,"1326":0,"1328":0,"1330":0,"1331":0,"1332":0,"1333":0,"1336":0,"1337":0,"1338":0,"1339":0,"1340":0,"1341":0,"1342":0,"1348":0,"1349":0,"1350":0,"1360":0,"1361":0,"1364":0,"1365":0,"1366":0,"1367":0,"1370":0,"1371":0,"1374":0,"1375":0,"1378":0,"1379":0,"1380":0,"1381":0,"1382":0,"1383":0,"1384":0,"1385":0,"1393":0,"1395":0,"1403":0,"1415":1,"1416":0,"1417":0,"1418":0,"1419":0,"1420":0,"1427":1,"1428":0,"1429":0,"1435":2,"1436":0,"1437":0,"1438":0,"1444":2,"1457":2,"1469":2,"1470":2,"1472":2,"1473":0,"1474":0,"1475":0,"1479":0,"1480":0,"1481":0,"1486":0,"1488":0,"1489":0,"1490":0,"1491":0,"1493":0,"1494":0,"1495":0,"1497":0,"1500":0,"1501":0,"1502":0,"1508":0,"1510":2,"1522":1,"1525":0,"1526":0,"1527":0,"1528":0,"1530":0,"1533":0,"1559":1,"1560":0,"1563":0,"1564":0,"1568":0,"1571":0,"1572":0,"1578":1,"1580":0,"1581":0,"1582":0,"1587":1,"1588":0,"1589":0,"1590":0,"1592":0,"1593":0,"1598":1,"1600":0,"1608":0,"1610":0,"1613":0,"1615":0,"1618":0,"1623":0,"1626":0,"1630":0,"1631":0,"1634":0,"1635":0,"1636":0,"1637":0,"1640":0,"1642":0,"1646":0,"1649":0,"1655":1,"1657":0,"1661":0,"1663":0,"1664":0,"1667":0,"1670":2,"1684":2,"1685":2,"1686":2,"1687":2,"1689":2,"1690":2,"1700":2,"1701":0,"1703":0,"1704":0,"1705":0,"1707":0,"1708":0,"1709":0,"1710":0,"1711":0,"1712":0,"1714":0,"1715":0,"1716":0,"1717":0,"1720":0,"1721":0,"1722":0,"1724":0,"1725":0,"1727":0,"1729":0,"1730":0,"1731":0,"1732":0,"1735":0,"1736":0,"1739":0,"1742":0,"1745":0,"1748":0,"1759":2,"1760":0,"1761":0,"1763":0,"1764":0,"1766":0,"1767":0,"1768":0,"1770":0,"1773":0,"1776":0,"1785":2,"1787":1,"1788":0,"1791":2,"1792":0,"1795":2,"1796":0,"1808":2,"1818":2,"1819":0,"1820":0,"1821":0,"1822":0,"1823":0,"1824":0,"1827":0,"1828":0,"1829":0,"1830":0,"1832":0,"1834":0,"1838":0,"1842":1,"1843":0,"1856":2,"1857":0,"1860":1,"1861":0,"1862":0,"1864":0,"1867":0,"1868":0,"1869":0,"1870":0,"1871":0,"1872":0,"1873":0,"1874":0,"1876":0,"1877":0,"1880":0,"1881":0,"1882":0,"1884":0,"1885":0,"1889":0,"1890":0,"1891":0,"1892":0,"1895":0,"1896":0,"1897":0,"1898":0,"1899":0,"1901":0,"1905":0,"1906":0,"1907":0,"1910":0,"1912":0,"1913":0,"1914":0,"1917":0,"1918":0,"1919":0,"1920":0,"1924":0,"1926":0,"1927":0,"1928":0,"1931":0,"1933":0,"1934":0,"1935":0,"1938":0,"1940":0,"1941":0,"1942":0,"1943":0,"1946":0,"1948":0,"1950":0,"1956":0,"1957":0,"1960":2,"1967":2,"1974":2,"1975":0,"1976":0,"1977":0,"1978":0,"1981":0,"1982":0,"1983":0,"1984":0,"1988":0,"1996":2,"1997":0,"1998":0,"1999":0,"2000":0,"2003":0,"2011":2,"2012":0,"2013":0,"2014":0,"2015":0,"2016":0,"2017":0,"2019":0,"2022":0,"2031":2,"2032":0,"2033":0,"2034":0,"2036":0,"2037":0,"2039":0,"2047":2,"2048":0,"2049":0,"2059":2,"2060":0,"2065":0,"2066":0,"2068":0,"2077":2,"2078":0,"2079":0,"2081":0,"2088":2,"2089":0,"2090":0,"2091":0,"2093":0,"2094":0,"2096":0,"2097":0,"2098":0,"2099":0,"2101":0,"2105":0,"2107":0,"2108":0,"2109":0,"2112":0,"2114":0,"2115":0,"2116":0,"2119":0,"2125":2,"2126":0,"2127":0,"2129":0,"2130":0,"2131":0,"2132":0,"2133":0,"2134":0,"2138":0,"2140":2,"2146":2,"2148":2,"2149":2,"2158":2,"2159":0,"2161":0,"2162":0,"2163":0,"2164":0,"2167":0,"2168":0,"2171":0,"2172":0,"2173":0,"2174":0,"2177":0,"2178":0,"2182":0,"2183":0,"2187":0,"2188":0,"2189":0,"2194":0,"2195":0,"2198":0,"2205":0,"2213":2,"2214":2,"2215":2,"2217":2,"2218":0,"2219":0,"2221":0,"2232":2,"2233":0,"2234":0,"2235":0,"2236":0,"2239":0,"2240":0,"2242":0,"2243":0,"2244":0,"2247":0,"2248":0,"2251":0,"2252":0,"2253":0,"2256":2,"2262":2,"2268":2,"2269":4,"2271":0,"2272":0,"2274":0,"2284":2,"2285":0,"2286":0,"2294":2,"2295":0,"2296":0,"2304":2,"2305":0,"2306":0,"2307":0,"2308":0,"2309":0,"2310":0,"2311":0,"2312":0,"2313":0,"2314":0,"2315":0,"2316":0,"2317":0,"2320":0,"2322":0,"2325":2,"2331":2,"2335":0,"2337":0,"2339":0,"2340":0,"2343":0,"2345":0,"2346":0,"2349":0,"2351":0,"2353":0,"2354":0,"2357":0,"2361":2,"2362":1,"2363":0,"2364":0,"2365":0,"2367":0,"2370":0,"2374":2,"2375":0,"2376":0,"2377":0,"2378":0,"2380":0,"2382":0,"2383":0,"2384":0,"2385":0,"2386":0,"2387":0,"2388":0,"2389":0,"2390":0,"2391":0,"2392":0,"2393":0,"2394":0,"2395":0,"2396":0,"2397":0,"2398":0,"2399":0,"2402":0,"2403":0,"2404":0,"2406":0,"2407":0,"2408":0,"2410":0,"2420":2,"2421":0,"2423":0,"2424":0,"2425":0,"2428":0,"2429":0,"2430":0,"2432":0,"2438":0,"2444":0,"2451":2,"2452":0,"2453":0,"2454":0,"2455":0,"2456":0,"2457":0,"2458":0,"2465":2,"2466":0,"2473":2,"2474":0,"2475":0,"2478":0,"2516":2,"2517":0,"2518":0,"2521":0,"2522":0,"2525":0,"2526":0,"2527":0,"2529":0,"2532":2,"2539":2,"2548":2,"2550":2,"2551":2,"2552":2,"2554":2,"2556":2,"2558":0,"2559":0,"2560":0,"2561":0,"2562":0,"2567":1,"2568":0,"2576":1,"2577":0,"2585":1,"2586":0,"2588":0,"2601":2,"2602":0,"2603":0,"2604":0,"2605":0,"2608":0,"2610":0,"2611":0,"2613":0,"2616":0,"2618":0,"2620":0,"2621":0,"2623":0,"2624":0,"2625":0,"2626":0,"2628":0,"2635":0,"2639":0,"2644":0,"2646":0,"2647":0,"2648":0,"2657":0,"2659":0,"2661":0,"2662":0,"2663":0,"2665":0,"2667":0,"2673":0,"2680":0,"2685":0,"2695":0,"2697":0,"2699":0,"2700":0,"2707":2,"2711":2,"2715":0,"2716":0,"2717":0,"2718":0,"2719":0,"2720":0,"2723":0,"2726":1,"2728":0,"2729":0,"2734":0,"2735":0,"2736":0,"2740":0,"2741":0,"2744":0,"2747":0,"2748":0,"2750":0,"2751":0,"2753":0,"2754":0,"2756":0,"2759":1,"2761":0,"2762":0,"2764":0,"2765":0,"2767":0,"2770":1,"2771":0,"2778":1,"2779":0,"2788":0,"2789":0,"2791":0,"2792":0,"2795":0,"2801":0,"2804":0,"2805":0,"2806":0,"2810":0,"2811":0,"2814":0,"2815":0,"2816":0,"2818":0,"2821":0,"2823":0,"2826":0,"2828":0,"2829":0,"2830":0,"2833":0,"2834":0,"2835":0,"2838":0,"2840":0,"2841":0,"2844":0,"2845":0,"2848":0,"2849":0,"2850":0,"2851":0,"2853":0,"2855":0,"2863":0,"2867":0,"2871":0,"2873":0,"2875":0,"2876":0,"2877":0,"2880":0,"2882":0,"2883":0,"2886":0,"2888":0,"2892":0,"2894":0,"2895":0,"2898":0,"2921":2,"2928":2,"2938":1,"2939":0,"2940":0,"2942":0,"2943":0,"2946":0,"2947":0,"2948":0,"2949":0,"2951":0,"2952":0,"2954":0,"2955":0,"2957":0,"2958":0,"2960":0,"2961":0,"2963":0,"2964":0,"2966":0,"2967":0,"2969":0,"2972":0,"2973":0,"2976":0,"2977":0,"2980":0,"2990":2,"2991":2,"2993":2,"2994":2,"2995":2,"2997":2,"2998":0,"2999":0,"3002":0,"3003":0,"3004":0,"3005":0,"3006":0,"3008":0,"3009":0,"3010":0,"3012":0,"3013":0,"3015":0,"3016":0,"3018":0,"3020":0,"3021":0,"3022":0,"3024":0,"3025":0,"3026":0,"3027":0,"3029":0,"3030":0,"3031":0,"3032":0,"3033":0,"3036":0,"3037":0,"3038":0,"3040":0,"3041":0,"3042":0,"3043":0,"3044":0,"3045":0,"3047":0,"3051":0,"3059":0,"3060":0,"3061":0}},"/home/travis/build/npmtest/node-npmtest-holderjs/node_modules/holderjs/gulpfile.js":{"path":"/home/travis/build/npmtest/node-npmtest-holderjs/node_modules/holderjs/gulpfile.js","s":{"1":2,"2":0,"3":0,"4":0,"5":0,"6":0,"7":0,"8":0,"9":0,"10":0,"11":0,"12":0,"13":0,"14":0,"15":1,"16":0,"17":0,"18":0,"19":0,"20":0,"21":0,"22":0,"23":0,"24":0,"25":0,"26":0,"27":0,"28":0,"29":0,"30":0,"31":0,"32":0,"33":0,"34":0,"35":0,"36":0,"37":0,"38":0,"39":0},"b":{},"f":{"1":0,"2":0,"3":0,"4":0,"5":0,"6":0,"7":0,"8":0,"9":0,"10":0,"11":0},"fnMap":{"1":{"name":"generateBuild","line":25,"loc":{"start":{"line":25,"column":0},"end":{"line":25,"column":25}}},"2":{"name":"(anonymous_2)","line":32,"loc":{"start":{"line":32,"column":20},"end":{"line":32,"column":31}}},"3":{"name":"(anonymous_3)","line":43,"loc":{"start":{"line":43,"column":18},"end":{"line":43,"column":29}}},"4":{"name":"(anonymous_4)","line":54,"loc":{"start":{"line":54,"column":31},"end":{"line":54,"column":42}}},"5":{"name":"(anonymous_5)","line":66,"loc":{"start":{"line":66,"column":31},"end":{"line":66,"column":42}}},"6":{"name":"(anonymous_6)","line":76,"loc":{"start":{"line":76,"column":32},"end":{"line":76,"column":43}}},"7":{"name":"(anonymous_7)","line":83,"loc":{"start":{"line":83,"column":32},"end":{"line":83,"column":43}}},"8":{"name":"(anonymous_8)","line":94,"loc":{"start":{"line":94,"column":22},"end":{"line":94,"column":33}}},"9":{"name":"(anonymous_9)","line":100,"loc":{"start":{"line":100,"column":20},"end":{"line":100,"column":31}}},"10":{"name":"(anonymous_10)","line":107,"loc":{"start":{"line":107,"column":19},"end":{"line":107,"column":30}}},"11":{"name":"(anonymous_11)","line":111,"loc":{"start":{"line":111,"column":71},"end":{"line":111,"column":82}}}},"statementMap":{"1":{"start":{"line":1,"column":0},"end":{"line":1,"column":27}},"2":{"start":{"line":2,"column":0},"end":{"line":2,"column":36}},"3":{"start":{"line":3,"column":0},"end":{"line":3,"column":36}},"4":{"start":{"line":4,"column":0},"end":{"line":4,"column":36}},"5":{"start":{"line":5,"column":0},"end":{"line":5,"column":36}},"6":{"start":{"line":6,"column":0},"end":{"line":6,"column":32}},"7":{"start":{"line":7,"column":0},"end":{"line":7,"column":36}},"8":{"start":{"line":8,"column":0},"end":{"line":8,"column":38}},"9":{"start":{"line":9,"column":0},"end":{"line":9,"column":40}},"10":{"start":{"line":10,"column":0},"end":{"line":10,"column":44}},"11":{"start":{"line":11,"column":0},"end":{"line":11,"column":36}},"12":{"start":{"line":13,"column":0},"end":{"line":13,"column":31}},"13":{"start":{"line":14,"column":0},"end":{"line":14,"column":36}},"14":{"start":{"line":16,"column":0},"end":{"line":23,"column":11}},"15":{"start":{"line":25,"column":0},"end":{"line":28,"column":1}},"16":{"start":{"line":26,"column":4},"end":{"line":26,"column":24}},"17":{"start":{"line":27,"column":4},"end":{"line":27,"column":88}},"18":{"start":{"line":30,"column":0},"end":{"line":30,"column":28}},"19":{"start":{"line":32,"column":0},"end":{"line":41,"column":3}},"20":{"start":{"line":33,"column":4},"end":{"line":40,"column":42}},"21":{"start":{"line":43,"column":0},"end":{"line":52,"column":3}},"22":{"start":{"line":44,"column":4},"end":{"line":51,"column":31}},"23":{"start":{"line":54,"column":0},"end":{"line":64,"column":3}},"24":{"start":{"line":55,"column":4},"end":{"line":63,"column":31}},"25":{"start":{"line":66,"column":0},"end":{"line":74,"column":3}},"26":{"start":{"line":67,"column":4},"end":{"line":73,"column":31}},"27":{"start":{"line":76,"column":0},"end":{"line":81,"column":3}},"28":{"start":{"line":77,"column":4},"end":{"line":80,"column":31}},"29":{"start":{"line":83,"column":0},"end":{"line":92,"column":3}},"30":{"start":{"line":84,"column":4},"end":{"line":91,"column":31}},"31":{"start":{"line":94,"column":0},"end":{"line":98,"column":3}},"32":{"start":{"line":95,"column":4},"end":{"line":97,"column":37}},"33":{"start":{"line":100,"column":0},"end":{"line":105,"column":3}},"34":{"start":{"line":101,"column":4},"end":{"line":104,"column":31}},"35":{"start":{"line":107,"column":0},"end":{"line":109,"column":3}},"36":{"start":{"line":108,"column":4},"end":{"line":108,"column":40}},"37":{"start":{"line":111,"column":0},"end":{"line":114,"column":3}},"38":{"start":{"line":112,"column":4},"end":{"line":112,"column":44}},"39":{"start":{"line":113,"column":4},"end":{"line":113,"column":28}}},"branchMap":{},"code":["var gulp = require('gulp');","var concat = require('gulp-concat');","var uglify = require('gulp-uglify');","var header = require('gulp-header');","var jshint = require('gulp-jshint');","var todo = require('gulp-todo');","var gulputil = require('gulp-util');","var replace = require('gulp-replace');","var webpack = require('webpack-stream');","var beautify = require('gulp-jsbeautifier');","var rename = require('gulp-rename');","","var moment = require('moment');","var pkg = require('./package.json');","","var banner =","    '/*!\\n\\n' +","    '<%= pkg.officialName %> - <%= pkg.summary %>\\nVersion <%= pkg.version %>+<%= build %>\\n' +","    '\\u00A9 <%= year %> <%= pkg.author.name %> - <%= pkg.author.url %>\\n\\n' +","    'Site:     <%= pkg.homepage %>\\n' +","    'Issues:   <%= pkg.bugs.url %>\\n' +","    'License:  <%= pkg.license %>\\n\\n' +","    '*/\\n';","","function generateBuild() {","    var date = new Date;","    return Math.floor((date - (new Date(date.getFullYear(), 0, 0))) / 1000).toString(36)","}","","var build = generateBuild();","","gulp.task('jshint', function() {","    return gulp.src([","        'src/lib/*.js',","        'src/lib/renderers/*.js',","        'src/renderers/*.js',","        'src/index.js'","        ])","        .pipe(jshint())","        .pipe(jshint.reporter('default'));","});","","gulp.task('todo', function() {","    return gulp.src([","        'src/lib/*.js',","        'src/lib/renderers/*.js',","        'src/renderers/*.js',","        'src/index.js'","        ])","        .pipe(todo())","        .pipe(gulp.dest('./'));","});","","gulp.task('build', ['jshint'], function() {","    return gulp.src('src/index.js')","        .pipe(webpack({","            output: {","                library: 'Holder',","                filename: 'holder.js',","                libraryTarget: 'umd'","            }","        }))","        .pipe(gulp.dest('./'));","});","","gulp.task('bundle', ['build'], function() {","    return gulp.src([","            'src/lib/vendor/polyfills.js',","            'holder.js',","            'src/meteor/shim.js'","        ])","        .pipe(concat('holder.js'))","        .pipe(gulp.dest('./'));","});","","gulp.task('minify', ['bundle'], function() {","    return gulp.src('holder.js')","        .pipe(uglify())","        .pipe(rename('holder.min.js'))","        .pipe(gulp.dest('./'));","});","","gulp.task('banner', ['minify'], function() {","    return gulp.src(['holder*.js'])","        .pipe(replace('%version%', pkg.version))","        .pipe(header(banner, {","            pkg: pkg,","            year: moment().format('YYYY'),","            build: build","        }))","        .pipe(gulp.dest('./'));","});","","gulp.task('beautify', function() {","    return gulp.src(['src/lib/*.js'])","        .pipe(beautify())","        .pipe(gulp.dest('src/lib/'));","});","","gulp.task('meteor', function() {","    return gulp.src('src/meteor/package.js')","        .pipe(replace('%version%', pkg.version))","        .pipe(replace('%summary%', pkg.description))","        .pipe(gulp.dest('./'));","});","","gulp.task('watch', function() {","    gulp.watch('src/*.js', ['default']);","});","","gulp.task('default', ['todo', 'bundle', 'minify', 'banner', 'meteor'], function() {","    gulputil.log('Finished build ' + build);","    build = generateBuild();","});",""],"l":{"1":2,"2":0,"3":0,"4":0,"5":0,"6":0,"7":0,"8":0,"9":0,"10":0,"11":0,"13":0,"14":0,"16":0,"25":1,"26":0,"27":0,"30":0,"32":0,"33":0,"43":0,"44":0,"54":0,"55":0,"66":0,"67":0,"76":0,"77":0,"83":0,"84":0,"94":0,"95":0,"100":0,"101":0,"107":0,"108":0,"111":0,"112":0,"113":0}},"/home/travis/build/npmtest/node-npmtest-holderjs/node_modules/holderjs/package.js":{"path":"/home/travis/build/npmtest/node-npmtest-holderjs/node_modules/holderjs/package.js","s":{"1":2,"2":0,"3":0,"4":0,"5":0},"b":{},"f":{"1":0},"fnMap":{"1":{"name":"(anonymous_1)","line":8,"loc":{"start":{"line":8,"column":14},"end":{"line":8,"column":28}}}},"statementMap":{"1":{"start":{"line":1,"column":0},"end":{"line":6,"column":3}},"2":{"start":{"line":8,"column":0},"end":{"line":12,"column":3}},"3":{"start":{"line":9,"column":4},"end":{"line":9,"column":30}},"4":{"start":{"line":10,"column":4},"end":{"line":10,"column":35}},"5":{"start":{"line":11,"column":4},"end":{"line":11,"column":40}}},"branchMap":{},"code":["Package.describe({","    summary: 'Holder uses SVG to render image placeholders entirely in browser.',","    version: '2.9.4',","    name: 'imsky:holder',","    git: 'https://github.com/imsky/holder',","});","","Package.onUse(function(api) {","    api.versionsFrom('0.9.0');","    api.export('Holder', 'client');","    api.addFiles('holder.js', 'client');","});",""],"l":{"1":2,"8":0,"9":0,"10":0,"11":0}}}